  ButtonTable.cpp
D:\C++\PBL2\Libraries\GamePlay\Animation\FramesObject.h(39,15): warning C4244: '=': conversion from 'int' to 'float', possible loss of data
D:\C++\PBL2\Libraries\GamePlay\Animation\FramesObject.h(40,15): warning C4244: '=': conversion from 'int' to 'float', possible loss of data
D:\C++\PBL2\Libraries\GamePlay\Object\Fly.h(81,24): warning C4244: '=': conversion from 'float' to 'int', possible loss of data
D:\C++\PBL2\Libraries\GamePlay\Object\Fly.h(82,21): warning C4244: '=': conversion from 'float' to 'int', possible loss of data
D:\C++\PBL2\Libraries\GamePlay\Object\Fly.h(115,20): warning C4244: '=': conversion from 'double' to 'float', possible loss of data
D:\C++\PBL2\Libraries\GamePlay\Object\Fly.h(121,21): warning C4244: '=': conversion from 'double' to 'float', possible loss of data
D:\C++\PBL2\Libraries\GamePlay\Object\Racket.h(30,40): warning C4244: 'argument': conversion from 'float' to 'int', possible loss of data
D:\C++\PBL2\Libraries\GamePlay\Object\Racket.h(30,32): warning C4244: 'argument': conversion from 'float' to 'int', possible loss of data
D:\C++\PBL2\Libraries\GamePlay\Object\Racket.h(63,40): warning C4244: 'argument': conversion from 'float' to 'int', possible loss of data
D:\C++\PBL2\Libraries\GamePlay\Object\Racket.h(63,32): warning C4244: 'argument': conversion from 'float' to 'int', possible loss of data
D:\C++\PBL2\Libraries\GamePlay\Load\LoadDocument.h(35,20): warning C4244: '=': conversion from 'int' to 'float', possible loss of data
D:\C++\PBL2\Libraries\GamePlay\Load\LoadDocument.h(36,21): warning C4244: '=': conversion from 'int' to 'float', possible loss of data
D:\C++\PBL2\Libraries\GamePlay\Load\LoadMusic.h(41,23): warning C4244: 'argument': conversion from 'float' to 'int', possible loss of data
D:\C++\PBL2\Libraries\GamePlay\Object\ObjectText.h(20,12): warning C4244: '=': conversion from 'int' to 'float', possible loss of data
D:\C++\PBL2\Libraries\GamePlay\Object\ObjectText.h(21,12): warning C4244: '=': conversion from 'int' to 'float', possible loss of data
D:\C++\PBL2\Libraries\GamePlay\Object\ObjectText.h(22,12): warning C4244: '=': conversion from 'int' to 'float', possible loss of data
D:\C++\PBL2\Libraries\GamePlay\Object\ObjectText.h(23,12): warning C4244: '=': conversion from 'int' to 'float', possible loss of data
D:\C++\PBL2\Libraries\GamePlay\Object\ObjectText.h(34,12): warning C4244: '=': conversion from 'int' to 'float', possible loss of data
D:\C++\PBL2\Libraries\GamePlay\Object\ObjectText.h(35,12): warning C4244: '=': conversion from 'int' to 'float', possible loss of data
D:\C++\PBL2\Libraries\GamePlay\Object\ObjectText.h(36,12): warning C4244: '=': conversion from 'int' to 'float', possible loss of data
D:\C++\PBL2\Libraries\GamePlay\Object\ObjectText.h(37,12): warning C4244: '=': conversion from 'int' to 'float', possible loss of data
D:\C++\PBL2\Libraries\Edit\Content.h(24,12): warning C4244: '=': conversion from 'int' to 'float', possible loss of data
D:\C++\PBL2\Libraries\Edit\Content.h(25,12): warning C4244: '=': conversion from 'int' to 'float', possible loss of data
D:\C++\PBL2\Libraries\Edit\Content.h(26,12): warning C4244: '=': conversion from 'int' to 'float', possible loss of data
D:\C++\PBL2\Libraries\Edit\Content.h(27,12): warning C4244: '=': conversion from 'int' to 'float', possible loss of data
D:\C++\PBL2\Libraries\Edit\Content.h(39,12): warning C4244: '=': conversion from 'int' to 'float', possible loss of data
D:\C++\PBL2\Libraries\Edit\Content.h(40,12): warning C4244: '=': conversion from 'int' to 'float', possible loss of data
D:\C++\PBL2\Libraries\Edit\Content.h(41,12): warning C4244: '=': conversion from 'int' to 'float', possible loss of data
D:\C++\PBL2\Libraries\Edit\Content.h(42,12): warning C4244: '=': conversion from 'int' to 'float', possible loss of data
D:\C++\PBL2\Libraries\Edit\Content.h(52,35): warning C4244: '=': conversion from 'float' to 'int', possible loss of data
D:\C++\PBL2\Libraries\Edit\Content.h(53,15): warning C4244: '=': conversion from 'float' to 'int', possible loss of data
D:\C++\PBL2\Libraries\Edit\FlyEdit.h(74,9): warning C4244: 'initializing': conversion from 'float' to 'int', possible loss of data
D:\C++\PBL2\Libraries\Edit\FlyEdit.h(75,9): warning C4244: 'initializing': conversion from 'float' to 'int', possible loss of data
D:\C++\PBL2\Libraries\Edit\FlyEdit.h(76,11): warning C4244: 'initializing': conversion from 'double' to 'float', possible loss of data
D:\C++\PBL2\Libraries\Edit\FlyEdit.h(92,24): warning C4244: '=': conversion from 'float' to 'int', possible loss of data
D:\C++\PBL2\Libraries\Edit\FlyEdit.h(93,21): warning C4244: '=': conversion from 'float' to 'int', possible loss of data
D:\C++\PBL2\Libraries\Edit\FlyEdit.h(107,17): warning C4244: '=': conversion from 'int' to 'float', possible loss of data
D:\C++\PBL2\Libraries\Edit\FlyEdit.h(113,9): warning C4244: 'initializing': conversion from 'float' to 'int', possible loss of data
D:\C++\PBL2\Libraries\Edit\FlyEdit.h(114,9): warning C4244: 'initializing': conversion from 'float' to 'int', possible loss of data
D:\C++\PBL2\Libraries\Edit\FlyEdit.h(115,11): warning C4244: 'initializing': conversion from 'double' to 'float', possible loss of data
D:\C++\PBL2\Libraries\Edit\FlyEdit.h(128,24): warning C4244: '=': conversion from 'float' to 'int', possible loss of data
D:\C++\PBL2\Libraries\Edit\FlyEdit.h(129,21): warning C4244: '=': conversion from 'float' to 'int', possible loss of data
D:\C++\PBL2\Libraries\Edit\FlyEdit.h(205,13): warning C4244: 'initializing': conversion from 'float' to 'int', possible loss of data
D:\C++\PBL2\Libraries\Edit\FlyEdit.h(206,13): warning C4244: 'initializing': conversion from 'float' to 'int', possible loss of data
D:\C++\PBL2\Libraries\Edit\FlyEdit.h(209,15): warning C4244: '=': conversion from 'int' to 'float', possible loss of data
D:\C++\PBL2\Libraries\Edit\FlyEdit.h(210,15): warning C4244: '=': conversion from 'int' to 'float', possible loss of data
D:\C++\PBL2\Libraries\Edit\FlyEdit.h(234,13): warning C4244: 'initializing': conversion from 'float' to 'int', possible loss of data
D:\C++\PBL2\Libraries\Edit\FlyEdit.h(235,13): warning C4244: 'initializing': conversion from 'float' to 'int', possible loss of data
D:\C++\PBL2\Libraries\Edit\FlyEdit.h(238,13): warning C4244: '=': conversion from 'int' to 'float', possible loss of data
D:\C++\PBL2\Libraries\Edit\FlyEdit.h(239,13): warning C4244: '=': conversion from 'int' to 'float', possible loss of data
D:\C++\PBL2\Libraries\Edit\FileOut.h(20,22): warning C4244: 'argument': conversion from 'time_t' to 'unsigned int', possible loss of data
D:\C++\PBL2\Libraries\Edit\FileOut.h(25,13): warning C4477: 'fprintf' : format string '%d' requires an argument of type 'int', but variadic argument 1 has type 'unsigned __int64'
D:\C++\PBL2\Libraries\Edit\FileOut.h(25,13): message : consider using '%zd' in the format string
D:\C++\PBL2\Libraries\Edit\ButtonTable.cpp(22,119): warning C4244: 'argument': conversion from 'float' to 'int', possible loss of data
D:\C++\PBL2\Libraries\Edit\ButtonTable.cpp(22,76): warning C4244: 'argument': conversion from 'float' to 'int', possible loss of data
D:\C++\PBL2\Libraries\Edit\ButtonTable.cpp(22,61): warning C4244: 'argument': conversion from 'float' to 'int', possible loss of data
D:\C++\PBL2\Libraries\Edit\ButtonTable.cpp(22,39): warning C4244: 'argument': conversion from 'float' to 'int', possible loss of data
D:\C++\PBL2\Libraries\Edit\ButtonTable.cpp(22,17): warning C4244: 'argument': conversion from 'float' to 'int', possible loss of data
D:\C++\PBL2\Libraries\Edit\ButtonTable.cpp(23,125): warning C4244: 'argument': conversion from 'float' to 'int', possible loss of data
D:\C++\PBL2\Libraries\Edit\ButtonTable.cpp(23,82): warning C4244: 'argument': conversion from 'float' to 'int', possible loss of data
D:\C++\PBL2\Libraries\Edit\ButtonTable.cpp(23,67): warning C4244: 'argument': conversion from 'float' to 'int', possible loss of data
D:\C++\PBL2\Libraries\Edit\ButtonTable.cpp(23,45): warning C4244: 'argument': conversion from 'float' to 'int', possible loss of data
D:\C++\PBL2\Libraries\Edit\ButtonTable.cpp(23,23): warning C4244: 'argument': conversion from 'float' to 'int', possible loss of data
D:\C++\PBL2\Libraries\Edit\ButtonTable.cpp(24,123): warning C4244: 'argument': conversion from 'float' to 'int', possible loss of data
D:\C++\PBL2\Libraries\Edit\ButtonTable.cpp(24,80): warning C4244: 'argument': conversion from 'float' to 'int', possible loss of data
D:\C++\PBL2\Libraries\Edit\ButtonTable.cpp(24,65): warning C4244: 'argument': conversion from 'float' to 'int', possible loss of data
D:\C++\PBL2\Libraries\Edit\ButtonTable.cpp(24,43): warning C4244: 'argument': conversion from 'float' to 'int', possible loss of data
D:\C++\PBL2\Libraries\Edit\ButtonTable.cpp(24,21): warning C4244: 'argument': conversion from 'float' to 'int', possible loss of data
D:\C++\PBL2\Libraries\Edit\ButtonTable.cpp(34,195): warning C4244: 'argument': conversion from 'int' to 'float', possible loss of data
  Frame.cpp
D:\C++\PBL2\Libraries\GamePlay\Animation\FramesObject.h(39,15): warning C4244: '=': conversion from 'int' to 'float', possible loss of data
D:\C++\PBL2\Libraries\GamePlay\Animation\FramesObject.h(40,15): warning C4244: '=': conversion from 'int' to 'float', possible loss of data
D:\C++\PBL2\Libraries\GamePlay\Object\Fly.h(81,24): warning C4244: '=': conversion from 'float' to 'int', possible loss of data
D:\C++\PBL2\Libraries\GamePlay\Object\Fly.h(82,21): warning C4244: '=': conversion from 'float' to 'int', possible loss of data
D:\C++\PBL2\Libraries\GamePlay\Object\Fly.h(115,20): warning C4244: '=': conversion from 'double' to 'float', possible loss of data
D:\C++\PBL2\Libraries\GamePlay\Object\Fly.h(121,21): warning C4244: '=': conversion from 'double' to 'float', possible loss of data
D:\C++\PBL2\Libraries\GamePlay\Object\Racket.h(30,40): warning C4244: 'argument': conversion from 'float' to 'int', possible loss of data
D:\C++\PBL2\Libraries\GamePlay\Object\Racket.h(30,32): warning C4244: 'argument': conversion from 'float' to 'int', possible loss of data
D:\C++\PBL2\Libraries\GamePlay\Object\Racket.h(63,40): warning C4244: 'argument': conversion from 'float' to 'int', possible loss of data
D:\C++\PBL2\Libraries\GamePlay\Object\Racket.h(63,32): warning C4244: 'argument': conversion from 'float' to 'int', possible loss of data
D:\C++\PBL2\Libraries\GamePlay\Load\LoadDocument.h(35,20): warning C4244: '=': conversion from 'int' to 'float', possible loss of data
D:\C++\PBL2\Libraries\GamePlay\Load\LoadDocument.h(36,21): warning C4244: '=': conversion from 'int' to 'float', possible loss of data
D:\C++\PBL2\Libraries\GamePlay\Load\LoadMusic.h(41,23): warning C4244: 'argument': conversion from 'float' to 'int', possible loss of data
D:\C++\PBL2\Libraries\GamePlay\Object\ObjectText.h(20,12): warning C4244: '=': conversion from 'int' to 'float', possible loss of data
D:\C++\PBL2\Libraries\GamePlay\Object\ObjectText.h(21,12): warning C4244: '=': conversion from 'int' to 'float', possible loss of data
D:\C++\PBL2\Libraries\GamePlay\Object\ObjectText.h(22,12): warning C4244: '=': conversion from 'int' to 'float', possible loss of data
D:\C++\PBL2\Libraries\GamePlay\Object\ObjectText.h(23,12): warning C4244: '=': conversion from 'int' to 'float', possible loss of data
D:\C++\PBL2\Libraries\GamePlay\Object\ObjectText.h(34,12): warning C4244: '=': conversion from 'int' to 'float', possible loss of data
D:\C++\PBL2\Libraries\GamePlay\Object\ObjectText.h(35,12): warning C4244: '=': conversion from 'int' to 'float', possible loss of data
D:\C++\PBL2\Libraries\GamePlay\Object\ObjectText.h(36,12): warning C4244: '=': conversion from 'int' to 'float', possible loss of data
D:\C++\PBL2\Libraries\GamePlay\Object\ObjectText.h(37,12): warning C4244: '=': conversion from 'int' to 'float', possible loss of data
D:\C++\PBL2\Libraries\Edit\Content.h(24,12): warning C4244: '=': conversion from 'int' to 'float', possible loss of data
D:\C++\PBL2\Libraries\Edit\Content.h(25,12): warning C4244: '=': conversion from 'int' to 'float', possible loss of data
D:\C++\PBL2\Libraries\Edit\Content.h(26,12): warning C4244: '=': conversion from 'int' to 'float', possible loss of data
D:\C++\PBL2\Libraries\Edit\Content.h(27,12): warning C4244: '=': conversion from 'int' to 'float', possible loss of data
D:\C++\PBL2\Libraries\Edit\Content.h(39,12): warning C4244: '=': conversion from 'int' to 'float', possible loss of data
D:\C++\PBL2\Libraries\Edit\Content.h(40,12): warning C4244: '=': conversion from 'int' to 'float', possible loss of data
D:\C++\PBL2\Libraries\Edit\Content.h(41,12): warning C4244: '=': conversion from 'int' to 'float', possible loss of data
D:\C++\PBL2\Libraries\Edit\Content.h(42,12): warning C4244: '=': conversion from 'int' to 'float', possible loss of data
D:\C++\PBL2\Libraries\Edit\Content.h(52,35): warning C4244: '=': conversion from 'float' to 'int', possible loss of data
D:\C++\PBL2\Libraries\Edit\Content.h(53,15): warning C4244: '=': conversion from 'float' to 'int', possible loss of data
D:\C++\PBL2\Libraries\Edit\FlyEdit.h(74,9): warning C4244: 'initializing': conversion from 'float' to 'int', possible loss of data
D:\C++\PBL2\Libraries\Edit\FlyEdit.h(75,9): warning C4244: 'initializing': conversion from 'float' to 'int', possible loss of data
D:\C++\PBL2\Libraries\Edit\FlyEdit.h(76,11): warning C4244: 'initializing': conversion from 'double' to 'float', possible loss of data
D:\C++\PBL2\Libraries\Edit\FlyEdit.h(92,24): warning C4244: '=': conversion from 'float' to 'int', possible loss of data
D:\C++\PBL2\Libraries\Edit\FlyEdit.h(93,21): warning C4244: '=': conversion from 'float' to 'int', possible loss of data
D:\C++\PBL2\Libraries\Edit\FlyEdit.h(107,17): warning C4244: '=': conversion from 'int' to 'float', possible loss of data
D:\C++\PBL2\Libraries\Edit\FlyEdit.h(113,9): warning C4244: 'initializing': conversion from 'float' to 'int', possible loss of data
D:\C++\PBL2\Libraries\Edit\FlyEdit.h(114,9): warning C4244: 'initializing': conversion from 'float' to 'int', possible loss of data
D:\C++\PBL2\Libraries\Edit\FlyEdit.h(115,11): warning C4244: 'initializing': conversion from 'double' to 'float', possible loss of data
D:\C++\PBL2\Libraries\Edit\FlyEdit.h(128,24): warning C4244: '=': conversion from 'float' to 'int', possible loss of data
D:\C++\PBL2\Libraries\Edit\FlyEdit.h(129,21): warning C4244: '=': conversion from 'float' to 'int', possible loss of data
D:\C++\PBL2\Libraries\Edit\FlyEdit.h(205,13): warning C4244: 'initializing': conversion from 'float' to 'int', possible loss of data
D:\C++\PBL2\Libraries\Edit\FlyEdit.h(206,13): warning C4244: 'initializing': conversion from 'float' to 'int', possible loss of data
D:\C++\PBL2\Libraries\Edit\FlyEdit.h(209,15): warning C4244: '=': conversion from 'int' to 'float', possible loss of data
D:\C++\PBL2\Libraries\Edit\FlyEdit.h(210,15): warning C4244: '=': conversion from 'int' to 'float', possible loss of data
D:\C++\PBL2\Libraries\Edit\FlyEdit.h(234,13): warning C4244: 'initializing': conversion from 'float' to 'int', possible loss of data
D:\C++\PBL2\Libraries\Edit\FlyEdit.h(235,13): warning C4244: 'initializing': conversion from 'float' to 'int', possible loss of data
D:\C++\PBL2\Libraries\Edit\FlyEdit.h(238,13): warning C4244: '=': conversion from 'int' to 'float', possible loss of data
D:\C++\PBL2\Libraries\Edit\FlyEdit.h(239,13): warning C4244: '=': conversion from 'int' to 'float', possible loss of data
D:\C++\PBL2\Libraries\Edit\FileOut.h(20,22): warning C4244: 'argument': conversion from 'time_t' to 'unsigned int', possible loss of data
D:\C++\PBL2\Libraries\Edit\FileOut.h(25,13): warning C4477: 'fprintf' : format string '%d' requires an argument of type 'int', but variadic argument 1 has type 'unsigned __int64'
D:\C++\PBL2\Libraries\Edit\FileOut.h(25,13): message : consider using '%zd' in the format string
  ScrollBar.cpp
D:\C++\PBL2\Libraries\GamePlay\Animation\FramesObject.h(39,15): warning C4244: '=': conversion from 'int' to 'float', possible loss of data
D:\C++\PBL2\Libraries\GamePlay\Animation\FramesObject.h(40,15): warning C4244: '=': conversion from 'int' to 'float', possible loss of data
D:\C++\PBL2\Libraries\GamePlay\Object\Fly.h(81,24): warning C4244: '=': conversion from 'float' to 'int', possible loss of data
D:\C++\PBL2\Libraries\GamePlay\Object\Fly.h(82,21): warning C4244: '=': conversion from 'float' to 'int', possible loss of data
D:\C++\PBL2\Libraries\GamePlay\Object\Fly.h(115,20): warning C4244: '=': conversion from 'double' to 'float', possible loss of data
D:\C++\PBL2\Libraries\GamePlay\Object\Fly.h(121,21): warning C4244: '=': conversion from 'double' to 'float', possible loss of data
D:\C++\PBL2\Libraries\GamePlay\Object\Racket.h(30,40): warning C4244: 'argument': conversion from 'float' to 'int', possible loss of data
D:\C++\PBL2\Libraries\GamePlay\Object\Racket.h(30,32): warning C4244: 'argument': conversion from 'float' to 'int', possible loss of data
D:\C++\PBL2\Libraries\GamePlay\Object\Racket.h(63,40): warning C4244: 'argument': conversion from 'float' to 'int', possible loss of data
D:\C++\PBL2\Libraries\GamePlay\Object\Racket.h(63,32): warning C4244: 'argument': conversion from 'float' to 'int', possible loss of data
D:\C++\PBL2\Libraries\GamePlay\Load\LoadDocument.h(35,20): warning C4244: '=': conversion from 'int' to 'float', possible loss of data
D:\C++\PBL2\Libraries\GamePlay\Load\LoadDocument.h(36,21): warning C4244: '=': conversion from 'int' to 'float', possible loss of data
D:\C++\PBL2\Libraries\GamePlay\Load\LoadMusic.h(41,23): warning C4244: 'argument': conversion from 'float' to 'int', possible loss of data
D:\C++\PBL2\Libraries\GamePlay\Object\ObjectText.h(20,12): warning C4244: '=': conversion from 'int' to 'float', possible loss of data
D:\C++\PBL2\Libraries\GamePlay\Object\ObjectText.h(21,12): warning C4244: '=': conversion from 'int' to 'float', possible loss of data
D:\C++\PBL2\Libraries\GamePlay\Object\ObjectText.h(22,12): warning C4244: '=': conversion from 'int' to 'float', possible loss of data
D:\C++\PBL2\Libraries\GamePlay\Object\ObjectText.h(23,12): warning C4244: '=': conversion from 'int' to 'float', possible loss of data
D:\C++\PBL2\Libraries\GamePlay\Object\ObjectText.h(34,12): warning C4244: '=': conversion from 'int' to 'float', possible loss of data
D:\C++\PBL2\Libraries\GamePlay\Object\ObjectText.h(35,12): warning C4244: '=': conversion from 'int' to 'float', possible loss of data
D:\C++\PBL2\Libraries\GamePlay\Object\ObjectText.h(36,12): warning C4244: '=': conversion from 'int' to 'float', possible loss of data
D:\C++\PBL2\Libraries\GamePlay\Object\ObjectText.h(37,12): warning C4244: '=': conversion from 'int' to 'float', possible loss of data
D:\C++\PBL2\Libraries\Edit\Content.h(24,12): warning C4244: '=': conversion from 'int' to 'float', possible loss of data
D:\C++\PBL2\Libraries\Edit\Content.h(25,12): warning C4244: '=': conversion from 'int' to 'float', possible loss of data
D:\C++\PBL2\Libraries\Edit\Content.h(26,12): warning C4244: '=': conversion from 'int' to 'float', possible loss of data
D:\C++\PBL2\Libraries\Edit\Content.h(27,12): warning C4244: '=': conversion from 'int' to 'float', possible loss of data
D:\C++\PBL2\Libraries\Edit\Content.h(39,12): warning C4244: '=': conversion from 'int' to 'float', possible loss of data
D:\C++\PBL2\Libraries\Edit\Content.h(40,12): warning C4244: '=': conversion from 'int' to 'float', possible loss of data
D:\C++\PBL2\Libraries\Edit\Content.h(41,12): warning C4244: '=': conversion from 'int' to 'float', possible loss of data
D:\C++\PBL2\Libraries\Edit\Content.h(42,12): warning C4244: '=': conversion from 'int' to 'float', possible loss of data
D:\C++\PBL2\Libraries\Edit\Content.h(52,35): warning C4244: '=': conversion from 'float' to 'int', possible loss of data
D:\C++\PBL2\Libraries\Edit\Content.h(53,15): warning C4244: '=': conversion from 'float' to 'int', possible loss of data
D:\C++\PBL2\Libraries\Edit\FlyEdit.h(74,9): warning C4244: 'initializing': conversion from 'float' to 'int', possible loss of data
D:\C++\PBL2\Libraries\Edit\FlyEdit.h(75,9): warning C4244: 'initializing': conversion from 'float' to 'int', possible loss of data
D:\C++\PBL2\Libraries\Edit\FlyEdit.h(76,11): warning C4244: 'initializing': conversion from 'double' to 'float', possible loss of data
D:\C++\PBL2\Libraries\Edit\FlyEdit.h(92,24): warning C4244: '=': conversion from 'float' to 'int', possible loss of data
D:\C++\PBL2\Libraries\Edit\FlyEdit.h(93,21): warning C4244: '=': conversion from 'float' to 'int', possible loss of data
D:\C++\PBL2\Libraries\Edit\FlyEdit.h(107,17): warning C4244: '=': conversion from 'int' to 'float', possible loss of data
D:\C++\PBL2\Libraries\Edit\FlyEdit.h(113,9): warning C4244: 'initializing': conversion from 'float' to 'int', possible loss of data
D:\C++\PBL2\Libraries\Edit\FlyEdit.h(114,9): warning C4244: 'initializing': conversion from 'float' to 'int', possible loss of data
D:\C++\PBL2\Libraries\Edit\FlyEdit.h(115,11): warning C4244: 'initializing': conversion from 'double' to 'float', possible loss of data
D:\C++\PBL2\Libraries\Edit\FlyEdit.h(128,24): warning C4244: '=': conversion from 'float' to 'int', possible loss of data
D:\C++\PBL2\Libraries\Edit\FlyEdit.h(129,21): warning C4244: '=': conversion from 'float' to 'int', possible loss of data
D:\C++\PBL2\Libraries\Edit\FlyEdit.h(205,13): warning C4244: 'initializing': conversion from 'float' to 'int', possible loss of data
D:\C++\PBL2\Libraries\Edit\FlyEdit.h(206,13): warning C4244: 'initializing': conversion from 'float' to 'int', possible loss of data
D:\C++\PBL2\Libraries\Edit\FlyEdit.h(209,15): warning C4244: '=': conversion from 'int' to 'float', possible loss of data
D:\C++\PBL2\Libraries\Edit\FlyEdit.h(210,15): warning C4244: '=': conversion from 'int' to 'float', possible loss of data
D:\C++\PBL2\Libraries\Edit\FlyEdit.h(234,13): warning C4244: 'initializing': conversion from 'float' to 'int', possible loss of data
D:\C++\PBL2\Libraries\Edit\FlyEdit.h(235,13): warning C4244: 'initializing': conversion from 'float' to 'int', possible loss of data
D:\C++\PBL2\Libraries\Edit\FlyEdit.h(238,13): warning C4244: '=': conversion from 'int' to 'float', possible loss of data
D:\C++\PBL2\Libraries\Edit\FlyEdit.h(239,13): warning C4244: '=': conversion from 'int' to 'float', possible loss of data
D:\C++\PBL2\Libraries\Edit\FileOut.h(20,22): warning C4244: 'argument': conversion from 'time_t' to 'unsigned int', possible loss of data
D:\C++\PBL2\Libraries\Edit\FileOut.h(25,13): warning C4477: 'fprintf' : format string '%d' requires an argument of type 'int', but variadic argument 1 has type 'unsigned __int64'
D:\C++\PBL2\Libraries\Edit\FileOut.h(25,13): message : consider using '%zd' in the format string
  Table.cpp
D:\C++\PBL2\Libraries\GamePlay\Animation\FramesObject.h(39,15): warning C4244: '=': conversion from 'int' to 'float', possible loss of data
D:\C++\PBL2\Libraries\GamePlay\Animation\FramesObject.h(40,15): warning C4244: '=': conversion from 'int' to 'float', possible loss of data
D:\C++\PBL2\Libraries\GamePlay\Object\Fly.h(81,24): warning C4244: '=': conversion from 'float' to 'int', possible loss of data
D:\C++\PBL2\Libraries\GamePlay\Object\Fly.h(82,21): warning C4244: '=': conversion from 'float' to 'int', possible loss of data
D:\C++\PBL2\Libraries\GamePlay\Object\Fly.h(115,20): warning C4244: '=': conversion from 'double' to 'float', possible loss of data
D:\C++\PBL2\Libraries\GamePlay\Object\Fly.h(121,21): warning C4244: '=': conversion from 'double' to 'float', possible loss of data
D:\C++\PBL2\Libraries\GamePlay\Object\Racket.h(30,40): warning C4244: 'argument': conversion from 'float' to 'int', possible loss of data
D:\C++\PBL2\Libraries\GamePlay\Object\Racket.h(30,32): warning C4244: 'argument': conversion from 'float' to 'int', possible loss of data
D:\C++\PBL2\Libraries\GamePlay\Object\Racket.h(63,40): warning C4244: 'argument': conversion from 'float' to 'int', possible loss of data
D:\C++\PBL2\Libraries\GamePlay\Object\Racket.h(63,32): warning C4244: 'argument': conversion from 'float' to 'int', possible loss of data
D:\C++\PBL2\Libraries\GamePlay\Load\LoadDocument.h(35,20): warning C4244: '=': conversion from 'int' to 'float', possible loss of data
D:\C++\PBL2\Libraries\GamePlay\Load\LoadDocument.h(36,21): warning C4244: '=': conversion from 'int' to 'float', possible loss of data
D:\C++\PBL2\Libraries\GamePlay\Load\LoadMusic.h(41,23): warning C4244: 'argument': conversion from 'float' to 'int', possible loss of data
D:\C++\PBL2\Libraries\GamePlay\Object\ObjectText.h(20,12): warning C4244: '=': conversion from 'int' to 'float', possible loss of data
D:\C++\PBL2\Libraries\GamePlay\Object\ObjectText.h(21,12): warning C4244: '=': conversion from 'int' to 'float', possible loss of data
D:\C++\PBL2\Libraries\GamePlay\Object\ObjectText.h(22,12): warning C4244: '=': conversion from 'int' to 'float', possible loss of data
D:\C++\PBL2\Libraries\GamePlay\Object\ObjectText.h(23,12): warning C4244: '=': conversion from 'int' to 'float', possible loss of data
D:\C++\PBL2\Libraries\GamePlay\Object\ObjectText.h(34,12): warning C4244: '=': conversion from 'int' to 'float', possible loss of data
D:\C++\PBL2\Libraries\GamePlay\Object\ObjectText.h(35,12): warning C4244: '=': conversion from 'int' to 'float', possible loss of data
D:\C++\PBL2\Libraries\GamePlay\Object\ObjectText.h(36,12): warning C4244: '=': conversion from 'int' to 'float', possible loss of data
D:\C++\PBL2\Libraries\GamePlay\Object\ObjectText.h(37,12): warning C4244: '=': conversion from 'int' to 'float', possible loss of data
D:\C++\PBL2\Libraries\Edit\Content.h(24,12): warning C4244: '=': conversion from 'int' to 'float', possible loss of data
D:\C++\PBL2\Libraries\Edit\Content.h(25,12): warning C4244: '=': conversion from 'int' to 'float', possible loss of data
D:\C++\PBL2\Libraries\Edit\Content.h(26,12): warning C4244: '=': conversion from 'int' to 'float', possible loss of data
D:\C++\PBL2\Libraries\Edit\Content.h(27,12): warning C4244: '=': conversion from 'int' to 'float', possible loss of data
D:\C++\PBL2\Libraries\Edit\Content.h(39,12): warning C4244: '=': conversion from 'int' to 'float', possible loss of data
D:\C++\PBL2\Libraries\Edit\Content.h(40,12): warning C4244: '=': conversion from 'int' to 'float', possible loss of data
D:\C++\PBL2\Libraries\Edit\Content.h(41,12): warning C4244: '=': conversion from 'int' to 'float', possible loss of data
D:\C++\PBL2\Libraries\Edit\Content.h(42,12): warning C4244: '=': conversion from 'int' to 'float', possible loss of data
D:\C++\PBL2\Libraries\Edit\Content.h(52,35): warning C4244: '=': conversion from 'float' to 'int', possible loss of data
D:\C++\PBL2\Libraries\Edit\Content.h(53,15): warning C4244: '=': conversion from 'float' to 'int', possible loss of data
D:\C++\PBL2\Libraries\Edit\FlyEdit.h(74,9): warning C4244: 'initializing': conversion from 'float' to 'int', possible loss of data
D:\C++\PBL2\Libraries\Edit\FlyEdit.h(75,9): warning C4244: 'initializing': conversion from 'float' to 'int', possible loss of data
D:\C++\PBL2\Libraries\Edit\FlyEdit.h(76,11): warning C4244: 'initializing': conversion from 'double' to 'float', possible loss of data
D:\C++\PBL2\Libraries\Edit\FlyEdit.h(92,24): warning C4244: '=': conversion from 'float' to 'int', possible loss of data
D:\C++\PBL2\Libraries\Edit\FlyEdit.h(93,21): warning C4244: '=': conversion from 'float' to 'int', possible loss of data
D:\C++\PBL2\Libraries\Edit\FlyEdit.h(107,17): warning C4244: '=': conversion from 'int' to 'float', possible loss of data
D:\C++\PBL2\Libraries\Edit\FlyEdit.h(113,9): warning C4244: 'initializing': conversion from 'float' to 'int', possible loss of data
D:\C++\PBL2\Libraries\Edit\FlyEdit.h(114,9): warning C4244: 'initializing': conversion from 'float' to 'int', possible loss of data
D:\C++\PBL2\Libraries\Edit\FlyEdit.h(115,11): warning C4244: 'initializing': conversion from 'double' to 'float', possible loss of data
D:\C++\PBL2\Libraries\Edit\FlyEdit.h(128,24): warning C4244: '=': conversion from 'float' to 'int', possible loss of data
D:\C++\PBL2\Libraries\Edit\FlyEdit.h(129,21): warning C4244: '=': conversion from 'float' to 'int', possible loss of data
D:\C++\PBL2\Libraries\Edit\FlyEdit.h(205,13): warning C4244: 'initializing': conversion from 'float' to 'int', possible loss of data
D:\C++\PBL2\Libraries\Edit\FlyEdit.h(206,13): warning C4244: 'initializing': conversion from 'float' to 'int', possible loss of data
D:\C++\PBL2\Libraries\Edit\FlyEdit.h(209,15): warning C4244: '=': conversion from 'int' to 'float', possible loss of data
D:\C++\PBL2\Libraries\Edit\FlyEdit.h(210,15): warning C4244: '=': conversion from 'int' to 'float', possible loss of data
D:\C++\PBL2\Libraries\Edit\FlyEdit.h(234,13): warning C4244: 'initializing': conversion from 'float' to 'int', possible loss of data
D:\C++\PBL2\Libraries\Edit\FlyEdit.h(235,13): warning C4244: 'initializing': conversion from 'float' to 'int', possible loss of data
D:\C++\PBL2\Libraries\Edit\FlyEdit.h(238,13): warning C4244: '=': conversion from 'int' to 'float', possible loss of data
D:\C++\PBL2\Libraries\Edit\FlyEdit.h(239,13): warning C4244: '=': conversion from 'int' to 'float', possible loss of data
D:\C++\PBL2\Libraries\Edit\FileOut.h(20,22): warning C4244: 'argument': conversion from 'time_t' to 'unsigned int', possible loss of data
D:\C++\PBL2\Libraries\Edit\FileOut.h(25,13): warning C4477: 'fprintf' : format string '%d' requires an argument of type 'int', but variadic argument 1 has type 'unsigned __int64'
D:\C++\PBL2\Libraries\Edit\FileOut.h(25,13): message : consider using '%zd' in the format string
  TexBox.cpp
D:\C++\PBL2\Libraries\GamePlay\Animation\FramesObject.h(39,15): warning C4244: '=': conversion from 'int' to 'float', possible loss of data
D:\C++\PBL2\Libraries\GamePlay\Animation\FramesObject.h(40,15): warning C4244: '=': conversion from 'int' to 'float', possible loss of data
D:\C++\PBL2\Libraries\GamePlay\Object\Fly.h(81,24): warning C4244: '=': conversion from 'float' to 'int', possible loss of data
D:\C++\PBL2\Libraries\GamePlay\Object\Fly.h(82,21): warning C4244: '=': conversion from 'float' to 'int', possible loss of data
D:\C++\PBL2\Libraries\GamePlay\Object\Fly.h(115,20): warning C4244: '=': conversion from 'double' to 'float', possible loss of data
D:\C++\PBL2\Libraries\GamePlay\Object\Fly.h(121,21): warning C4244: '=': conversion from 'double' to 'float', possible loss of data
D:\C++\PBL2\Libraries\GamePlay\Object\Racket.h(30,40): warning C4244: 'argument': conversion from 'float' to 'int', possible loss of data
D:\C++\PBL2\Libraries\GamePlay\Object\Racket.h(30,32): warning C4244: 'argument': conversion from 'float' to 'int', possible loss of data
D:\C++\PBL2\Libraries\GamePlay\Object\Racket.h(63,40): warning C4244: 'argument': conversion from 'float' to 'int', possible loss of data
D:\C++\PBL2\Libraries\GamePlay\Object\Racket.h(63,32): warning C4244: 'argument': conversion from 'float' to 'int', possible loss of data
D:\C++\PBL2\Libraries\GamePlay\Load\LoadDocument.h(35,20): warning C4244: '=': conversion from 'int' to 'float', possible loss of data
D:\C++\PBL2\Libraries\GamePlay\Load\LoadDocument.h(36,21): warning C4244: '=': conversion from 'int' to 'float', possible loss of data
D:\C++\PBL2\Libraries\GamePlay\Load\LoadMusic.h(41,23): warning C4244: 'argument': conversion from 'float' to 'int', possible loss of data
D:\C++\PBL2\Libraries\GamePlay\Object\ObjectText.h(20,12): warning C4244: '=': conversion from 'int' to 'float', possible loss of data
D:\C++\PBL2\Libraries\GamePlay\Object\ObjectText.h(21,12): warning C4244: '=': conversion from 'int' to 'float', possible loss of data
D:\C++\PBL2\Libraries\GamePlay\Object\ObjectText.h(22,12): warning C4244: '=': conversion from 'int' to 'float', possible loss of data
D:\C++\PBL2\Libraries\GamePlay\Object\ObjectText.h(23,12): warning C4244: '=': conversion from 'int' to 'float', possible loss of data
D:\C++\PBL2\Libraries\GamePlay\Object\ObjectText.h(34,12): warning C4244: '=': conversion from 'int' to 'float', possible loss of data
D:\C++\PBL2\Libraries\GamePlay\Object\ObjectText.h(35,12): warning C4244: '=': conversion from 'int' to 'float', possible loss of data
D:\C++\PBL2\Libraries\GamePlay\Object\ObjectText.h(36,12): warning C4244: '=': conversion from 'int' to 'float', possible loss of data
D:\C++\PBL2\Libraries\GamePlay\Object\ObjectText.h(37,12): warning C4244: '=': conversion from 'int' to 'float', possible loss of data
D:\C++\PBL2\Libraries\Edit\Content.h(24,12): warning C4244: '=': conversion from 'int' to 'float', possible loss of data
D:\C++\PBL2\Libraries\Edit\Content.h(25,12): warning C4244: '=': conversion from 'int' to 'float', possible loss of data
D:\C++\PBL2\Libraries\Edit\Content.h(26,12): warning C4244: '=': conversion from 'int' to 'float', possible loss of data
D:\C++\PBL2\Libraries\Edit\Content.h(27,12): warning C4244: '=': conversion from 'int' to 'float', possible loss of data
D:\C++\PBL2\Libraries\Edit\Content.h(39,12): warning C4244: '=': conversion from 'int' to 'float', possible loss of data
D:\C++\PBL2\Libraries\Edit\Content.h(40,12): warning C4244: '=': conversion from 'int' to 'float', possible loss of data
D:\C++\PBL2\Libraries\Edit\Content.h(41,12): warning C4244: '=': conversion from 'int' to 'float', possible loss of data
D:\C++\PBL2\Libraries\Edit\Content.h(42,12): warning C4244: '=': conversion from 'int' to 'float', possible loss of data
D:\C++\PBL2\Libraries\Edit\Content.h(52,35): warning C4244: '=': conversion from 'float' to 'int', possible loss of data
D:\C++\PBL2\Libraries\Edit\Content.h(53,15): warning C4244: '=': conversion from 'float' to 'int', possible loss of data
D:\C++\PBL2\Libraries\Edit\FlyEdit.h(74,9): warning C4244: 'initializing': conversion from 'float' to 'int', possible loss of data
D:\C++\PBL2\Libraries\Edit\FlyEdit.h(75,9): warning C4244: 'initializing': conversion from 'float' to 'int', possible loss of data
D:\C++\PBL2\Libraries\Edit\FlyEdit.h(76,11): warning C4244: 'initializing': conversion from 'double' to 'float', possible loss of data
D:\C++\PBL2\Libraries\Edit\FlyEdit.h(92,24): warning C4244: '=': conversion from 'float' to 'int', possible loss of data
D:\C++\PBL2\Libraries\Edit\FlyEdit.h(93,21): warning C4244: '=': conversion from 'float' to 'int', possible loss of data
D:\C++\PBL2\Libraries\Edit\FlyEdit.h(107,17): warning C4244: '=': conversion from 'int' to 'float', possible loss of data
D:\C++\PBL2\Libraries\Edit\FlyEdit.h(113,9): warning C4244: 'initializing': conversion from 'float' to 'int', possible loss of data
D:\C++\PBL2\Libraries\Edit\FlyEdit.h(114,9): warning C4244: 'initializing': conversion from 'float' to 'int', possible loss of data
D:\C++\PBL2\Libraries\Edit\FlyEdit.h(115,11): warning C4244: 'initializing': conversion from 'double' to 'float', possible loss of data
D:\C++\PBL2\Libraries\Edit\FlyEdit.h(128,24): warning C4244: '=': conversion from 'float' to 'int', possible loss of data
D:\C++\PBL2\Libraries\Edit\FlyEdit.h(129,21): warning C4244: '=': conversion from 'float' to 'int', possible loss of data
D:\C++\PBL2\Libraries\Edit\FlyEdit.h(205,13): warning C4244: 'initializing': conversion from 'float' to 'int', possible loss of data
D:\C++\PBL2\Libraries\Edit\FlyEdit.h(206,13): warning C4244: 'initializing': conversion from 'float' to 'int', possible loss of data
D:\C++\PBL2\Libraries\Edit\FlyEdit.h(209,15): warning C4244: '=': conversion from 'int' to 'float', possible loss of data
D:\C++\PBL2\Libraries\Edit\FlyEdit.h(210,15): warning C4244: '=': conversion from 'int' to 'float', possible loss of data
D:\C++\PBL2\Libraries\Edit\FlyEdit.h(234,13): warning C4244: 'initializing': conversion from 'float' to 'int', possible loss of data
D:\C++\PBL2\Libraries\Edit\FlyEdit.h(235,13): warning C4244: 'initializing': conversion from 'float' to 'int', possible loss of data
D:\C++\PBL2\Libraries\Edit\FlyEdit.h(238,13): warning C4244: '=': conversion from 'int' to 'float', possible loss of data
D:\C++\PBL2\Libraries\Edit\FlyEdit.h(239,13): warning C4244: '=': conversion from 'int' to 'float', possible loss of data
D:\C++\PBL2\Libraries\Edit\FileOut.h(20,22): warning C4244: 'argument': conversion from 'time_t' to 'unsigned int', possible loss of data
D:\C++\PBL2\Libraries\Edit\FileOut.h(25,13): warning C4477: 'fprintf' : format string '%d' requires an argument of type 'int', but variadic argument 1 has type 'unsigned __int64'
D:\C++\PBL2\Libraries\Edit\FileOut.h(25,13): message : consider using '%zd' in the format string
D:\C++\PBL2\Libraries\Edit\TexBox.cpp(15,83): warning C4244: 'argument': conversion from 'float' to 'int', possible loss of data
D:\C++\PBL2\Libraries\Edit\TexBox.cpp(15,47): warning C4244: 'argument': conversion from 'float' to 'int', possible loss of data
D:\C++\PBL2\Libraries\Edit\TexBox.cpp(15,40): warning C4244: 'argument': conversion from 'float' to 'int', possible loss of data
D:\C++\PBL2\Libraries\Edit\TexBox.cpp(15,33): warning C4244: 'argument': conversion from 'float' to 'int', possible loss of data
D:\C++\PBL2\Libraries\Edit\TexBox.cpp(15,27): warning C4244: 'argument': conversion from 'float' to 'int', possible loss of data
D:\C++\PBL2\Libraries\Edit\TexBox.cpp(40,86): warning C4244: 'argument': conversion from 'float' to 'int', possible loss of data
D:\C++\PBL2\Libraries\Edit\TexBox.cpp(40,50): warning C4244: 'argument': conversion from 'float' to 'int', possible loss of data
D:\C++\PBL2\Libraries\Edit\TexBox.cpp(40,43): warning C4244: 'argument': conversion from 'float' to 'int', possible loss of data
D:\C++\PBL2\Libraries\Edit\TexBox.cpp(40,36): warning C4244: 'argument': conversion from 'float' to 'int', possible loss of data
D:\C++\PBL2\Libraries\Edit\TexBox.cpp(40,30): warning C4244: 'argument': conversion from 'float' to 'int', possible loss of data
D:\C++\PBL2\Libraries\Edit\TexBox.cpp(45,86): warning C4244: 'argument': conversion from 'float' to 'int', possible loss of data
D:\C++\PBL2\Libraries\Edit\TexBox.cpp(45,50): warning C4244: 'argument': conversion from 'float' to 'int', possible loss of data
D:\C++\PBL2\Libraries\Edit\TexBox.cpp(45,43): warning C4244: 'argument': conversion from 'float' to 'int', possible loss of data
D:\C++\PBL2\Libraries\Edit\TexBox.cpp(45,36): warning C4244: 'argument': conversion from 'float' to 'int', possible loss of data
D:\C++\PBL2\Libraries\Edit\TexBox.cpp(45,30): warning C4244: 'argument': conversion from 'float' to 'int', possible loss of data
  Gameplay.cpp
D:\C++\PBL2\Libraries\GamePlay\Animation\FramesObject.h(39,15): warning C4244: '=': conversion from 'int' to 'float', possible loss of data
D:\C++\PBL2\Libraries\GamePlay\Animation\FramesObject.h(40,15): warning C4244: '=': conversion from 'int' to 'float', possible loss of data
D:\C++\PBL2\Libraries\GamePlay\Object\Fly.h(81,24): warning C4244: '=': conversion from 'float' to 'int', possible loss of data
D:\C++\PBL2\Libraries\GamePlay\Object\Fly.h(82,21): warning C4244: '=': conversion from 'float' to 'int', possible loss of data
D:\C++\PBL2\Libraries\GamePlay\Object\Fly.h(115,20): warning C4244: '=': conversion from 'double' to 'float', possible loss of data
D:\C++\PBL2\Libraries\GamePlay\Object\Fly.h(121,21): warning C4244: '=': conversion from 'double' to 'float', possible loss of data
D:\C++\PBL2\Libraries\GamePlay\Object\Racket.h(30,40): warning C4244: 'argument': conversion from 'float' to 'int', possible loss of data
D:\C++\PBL2\Libraries\GamePlay\Object\Racket.h(30,32): warning C4244: 'argument': conversion from 'float' to 'int', possible loss of data
D:\C++\PBL2\Libraries\GamePlay\Object\Racket.h(63,40): warning C4244: 'argument': conversion from 'float' to 'int', possible loss of data
D:\C++\PBL2\Libraries\GamePlay\Object\Racket.h(63,32): warning C4244: 'argument': conversion from 'float' to 'int', possible loss of data
D:\C++\PBL2\Libraries\GamePlay\Load\LoadDocument.h(35,20): warning C4244: '=': conversion from 'int' to 'float', possible loss of data
D:\C++\PBL2\Libraries\GamePlay\Load\LoadDocument.h(36,21): warning C4244: '=': conversion from 'int' to 'float', possible loss of data
D:\C++\PBL2\Libraries\GamePlay\Load\LoadMusic.h(41,23): warning C4244: 'argument': conversion from 'float' to 'int', possible loss of data
D:\C++\PBL2\Libraries\GamePlay\Object\ObjectText.h(20,12): warning C4244: '=': conversion from 'int' to 'float', possible loss of data
D:\C++\PBL2\Libraries\GamePlay\Object\ObjectText.h(21,12): warning C4244: '=': conversion from 'int' to 'float', possible loss of data
D:\C++\PBL2\Libraries\GamePlay\Object\ObjectText.h(22,12): warning C4244: '=': conversion from 'int' to 'float', possible loss of data
D:\C++\PBL2\Libraries\GamePlay\Object\ObjectText.h(23,12): warning C4244: '=': conversion from 'int' to 'float', possible loss of data
D:\C++\PBL2\Libraries\GamePlay\Object\ObjectText.h(34,12): warning C4244: '=': conversion from 'int' to 'float', possible loss of data
D:\C++\PBL2\Libraries\GamePlay\Object\ObjectText.h(35,12): warning C4244: '=': conversion from 'int' to 'float', possible loss of data
D:\C++\PBL2\Libraries\GamePlay\Object\ObjectText.h(36,12): warning C4244: '=': conversion from 'int' to 'float', possible loss of data
D:\C++\PBL2\Libraries\GamePlay\Object\ObjectText.h(37,12): warning C4244: '=': conversion from 'int' to 'float', possible loss of data
D:\C++\PBL2\Libraries\Edit\Content.h(24,12): warning C4244: '=': conversion from 'int' to 'float', possible loss of data
D:\C++\PBL2\Libraries\Edit\Content.h(25,12): warning C4244: '=': conversion from 'int' to 'float', possible loss of data
D:\C++\PBL2\Libraries\Edit\Content.h(26,12): warning C4244: '=': conversion from 'int' to 'float', possible loss of data
D:\C++\PBL2\Libraries\Edit\Content.h(27,12): warning C4244: '=': conversion from 'int' to 'float', possible loss of data
D:\C++\PBL2\Libraries\Edit\Content.h(39,12): warning C4244: '=': conversion from 'int' to 'float', possible loss of data
D:\C++\PBL2\Libraries\Edit\Content.h(40,12): warning C4244: '=': conversion from 'int' to 'float', possible loss of data
D:\C++\PBL2\Libraries\Edit\Content.h(41,12): warning C4244: '=': conversion from 'int' to 'float', possible loss of data
D:\C++\PBL2\Libraries\Edit\Content.h(42,12): warning C4244: '=': conversion from 'int' to 'float', possible loss of data
D:\C++\PBL2\Libraries\Edit\Content.h(52,35): warning C4244: '=': conversion from 'float' to 'int', possible loss of data
D:\C++\PBL2\Libraries\Edit\Content.h(53,15): warning C4244: '=': conversion from 'float' to 'int', possible loss of data
D:\C++\PBL2\Libraries\Edit\FlyEdit.h(74,9): warning C4244: 'initializing': conversion from 'float' to 'int', possible loss of data
D:\C++\PBL2\Libraries\Edit\FlyEdit.h(75,9): warning C4244: 'initializing': conversion from 'float' to 'int', possible loss of data
D:\C++\PBL2\Libraries\Edit\FlyEdit.h(76,11): warning C4244: 'initializing': conversion from 'double' to 'float', possible loss of data
D:\C++\PBL2\Libraries\Edit\FlyEdit.h(92,24): warning C4244: '=': conversion from 'float' to 'int', possible loss of data
D:\C++\PBL2\Libraries\Edit\FlyEdit.h(93,21): warning C4244: '=': conversion from 'float' to 'int', possible loss of data
D:\C++\PBL2\Libraries\Edit\FlyEdit.h(107,17): warning C4244: '=': conversion from 'int' to 'float', possible loss of data
D:\C++\PBL2\Libraries\Edit\FlyEdit.h(113,9): warning C4244: 'initializing': conversion from 'float' to 'int', possible loss of data
D:\C++\PBL2\Libraries\Edit\FlyEdit.h(114,9): warning C4244: 'initializing': conversion from 'float' to 'int', possible loss of data
D:\C++\PBL2\Libraries\Edit\FlyEdit.h(115,11): warning C4244: 'initializing': conversion from 'double' to 'float', possible loss of data
D:\C++\PBL2\Libraries\Edit\FlyEdit.h(128,24): warning C4244: '=': conversion from 'float' to 'int', possible loss of data
D:\C++\PBL2\Libraries\Edit\FlyEdit.h(129,21): warning C4244: '=': conversion from 'float' to 'int', possible loss of data
D:\C++\PBL2\Libraries\Edit\FlyEdit.h(205,13): warning C4244: 'initializing': conversion from 'float' to 'int', possible loss of data
D:\C++\PBL2\Libraries\Edit\FlyEdit.h(206,13): warning C4244: 'initializing': conversion from 'float' to 'int', possible loss of data
D:\C++\PBL2\Libraries\Edit\FlyEdit.h(209,15): warning C4244: '=': conversion from 'int' to 'float', possible loss of data
D:\C++\PBL2\Libraries\Edit\FlyEdit.h(210,15): warning C4244: '=': conversion from 'int' to 'float', possible loss of data
D:\C++\PBL2\Libraries\Edit\FlyEdit.h(234,13): warning C4244: 'initializing': conversion from 'float' to 'int', possible loss of data
D:\C++\PBL2\Libraries\Edit\FlyEdit.h(235,13): warning C4244: 'initializing': conversion from 'float' to 'int', possible loss of data
D:\C++\PBL2\Libraries\Edit\FlyEdit.h(238,13): warning C4244: '=': conversion from 'int' to 'float', possible loss of data
D:\C++\PBL2\Libraries\Edit\FlyEdit.h(239,13): warning C4244: '=': conversion from 'int' to 'float', possible loss of data
D:\C++\PBL2\Libraries\Edit\FileOut.h(20,22): warning C4244: 'argument': conversion from 'time_t' to 'unsigned int', possible loss of data
D:\C++\PBL2\Libraries\Edit\FileOut.h(25,13): warning C4477: 'fprintf' : format string '%d' requires an argument of type 'int', but variadic argument 1 has type 'unsigned __int64'
D:\C++\PBL2\Libraries\Edit\FileOut.h(25,13): message : consider using '%zd' in the format string
D:\C++\PBL2\Libraries\GamePlay\Init\Gameplay.cpp(113,29): warning C4244: 'argument': conversion from 'int' to 'float', possible loss of data
D:\C++\PBL2\Libraries\GamePlay\Init\Gameplay.cpp(291,40): warning C4244: '=': conversion from 'float' to 'int', possible loss of data
  Listmap.cpp
D:\C++\PBL2\Libraries\GamePlay\Animation\FramesObject.h(39,15): warning C4244: '=': conversion from 'int' to 'float', possible loss of data
D:\C++\PBL2\Libraries\GamePlay\Animation\FramesObject.h(40,15): warning C4244: '=': conversion from 'int' to 'float', possible loss of data
D:\C++\PBL2\Libraries\GamePlay\Object\Fly.h(81,24): warning C4244: '=': conversion from 'float' to 'int', possible loss of data
D:\C++\PBL2\Libraries\GamePlay\Object\Fly.h(82,21): warning C4244: '=': conversion from 'float' to 'int', possible loss of data
D:\C++\PBL2\Libraries\GamePlay\Object\Fly.h(115,20): warning C4244: '=': conversion from 'double' to 'float', possible loss of data
D:\C++\PBL2\Libraries\GamePlay\Object\Fly.h(121,21): warning C4244: '=': conversion from 'double' to 'float', possible loss of data
D:\C++\PBL2\Libraries\GamePlay\Object\Racket.h(30,40): warning C4244: 'argument': conversion from 'float' to 'int', possible loss of data
D:\C++\PBL2\Libraries\GamePlay\Object\Racket.h(30,32): warning C4244: 'argument': conversion from 'float' to 'int', possible loss of data
D:\C++\PBL2\Libraries\GamePlay\Object\Racket.h(63,40): warning C4244: 'argument': conversion from 'float' to 'int', possible loss of data
D:\C++\PBL2\Libraries\GamePlay\Object\Racket.h(63,32): warning C4244: 'argument': conversion from 'float' to 'int', possible loss of data
D:\C++\PBL2\Libraries\GamePlay\Load\LoadDocument.h(35,20): warning C4244: '=': conversion from 'int' to 'float', possible loss of data
D:\C++\PBL2\Libraries\GamePlay\Load\LoadDocument.h(36,21): warning C4244: '=': conversion from 'int' to 'float', possible loss of data
D:\C++\PBL2\Libraries\GamePlay\Load\LoadMusic.h(41,23): warning C4244: 'argument': conversion from 'float' to 'int', possible loss of data
D:\C++\PBL2\Libraries\GamePlay\Object\ObjectText.h(20,12): warning C4244: '=': conversion from 'int' to 'float', possible loss of data
D:\C++\PBL2\Libraries\GamePlay\Object\ObjectText.h(21,12): warning C4244: '=': conversion from 'int' to 'float', possible loss of data
D:\C++\PBL2\Libraries\GamePlay\Object\ObjectText.h(22,12): warning C4244: '=': conversion from 'int' to 'float', possible loss of data
D:\C++\PBL2\Libraries\GamePlay\Object\ObjectText.h(23,12): warning C4244: '=': conversion from 'int' to 'float', possible loss of data
D:\C++\PBL2\Libraries\GamePlay\Object\ObjectText.h(34,12): warning C4244: '=': conversion from 'int' to 'float', possible loss of data
D:\C++\PBL2\Libraries\GamePlay\Object\ObjectText.h(35,12): warning C4244: '=': conversion from 'int' to 'float', possible loss of data
D:\C++\PBL2\Libraries\GamePlay\Object\ObjectText.h(36,12): warning C4244: '=': conversion from 'int' to 'float', possible loss of data
D:\C++\PBL2\Libraries\GamePlay\Object\ObjectText.h(37,12): warning C4244: '=': conversion from 'int' to 'float', possible loss of data
D:\C++\PBL2\Libraries\Edit\Content.h(24,12): warning C4244: '=': conversion from 'int' to 'float', possible loss of data
D:\C++\PBL2\Libraries\Edit\Content.h(25,12): warning C4244: '=': conversion from 'int' to 'float', possible loss of data
D:\C++\PBL2\Libraries\Edit\Content.h(26,12): warning C4244: '=': conversion from 'int' to 'float', possible loss of data
D:\C++\PBL2\Libraries\Edit\Content.h(27,12): warning C4244: '=': conversion from 'int' to 'float', possible loss of data
D:\C++\PBL2\Libraries\Edit\Content.h(39,12): warning C4244: '=': conversion from 'int' to 'float', possible loss of data
D:\C++\PBL2\Libraries\Edit\Content.h(40,12): warning C4244: '=': conversion from 'int' to 'float', possible loss of data
D:\C++\PBL2\Libraries\Edit\Content.h(41,12): warning C4244: '=': conversion from 'int' to 'float', possible loss of data
D:\C++\PBL2\Libraries\Edit\Content.h(42,12): warning C4244: '=': conversion from 'int' to 'float', possible loss of data
D:\C++\PBL2\Libraries\Edit\Content.h(52,35): warning C4244: '=': conversion from 'float' to 'int', possible loss of data
D:\C++\PBL2\Libraries\Edit\Content.h(53,15): warning C4244: '=': conversion from 'float' to 'int', possible loss of data
D:\C++\PBL2\Libraries\Edit\FlyEdit.h(74,9): warning C4244: 'initializing': conversion from 'float' to 'int', possible loss of data
D:\C++\PBL2\Libraries\Edit\FlyEdit.h(75,9): warning C4244: 'initializing': conversion from 'float' to 'int', possible loss of data
D:\C++\PBL2\Libraries\Edit\FlyEdit.h(76,11): warning C4244: 'initializing': conversion from 'double' to 'float', possible loss of data
D:\C++\PBL2\Libraries\Edit\FlyEdit.h(92,24): warning C4244: '=': conversion from 'float' to 'int', possible loss of data
D:\C++\PBL2\Libraries\Edit\FlyEdit.h(93,21): warning C4244: '=': conversion from 'float' to 'int', possible loss of data
D:\C++\PBL2\Libraries\Edit\FlyEdit.h(107,17): warning C4244: '=': conversion from 'int' to 'float', possible loss of data
D:\C++\PBL2\Libraries\Edit\FlyEdit.h(113,9): warning C4244: 'initializing': conversion from 'float' to 'int', possible loss of data
D:\C++\PBL2\Libraries\Edit\FlyEdit.h(114,9): warning C4244: 'initializing': conversion from 'float' to 'int', possible loss of data
D:\C++\PBL2\Libraries\Edit\FlyEdit.h(115,11): warning C4244: 'initializing': conversion from 'double' to 'float', possible loss of data
D:\C++\PBL2\Libraries\Edit\FlyEdit.h(128,24): warning C4244: '=': conversion from 'float' to 'int', possible loss of data
D:\C++\PBL2\Libraries\Edit\FlyEdit.h(129,21): warning C4244: '=': conversion from 'float' to 'int', possible loss of data
D:\C++\PBL2\Libraries\Edit\FlyEdit.h(205,13): warning C4244: 'initializing': conversion from 'float' to 'int', possible loss of data
D:\C++\PBL2\Libraries\Edit\FlyEdit.h(206,13): warning C4244: 'initializing': conversion from 'float' to 'int', possible loss of data
D:\C++\PBL2\Libraries\Edit\FlyEdit.h(209,15): warning C4244: '=': conversion from 'int' to 'float', possible loss of data
D:\C++\PBL2\Libraries\Edit\FlyEdit.h(210,15): warning C4244: '=': conversion from 'int' to 'float', possible loss of data
D:\C++\PBL2\Libraries\Edit\FlyEdit.h(234,13): warning C4244: 'initializing': conversion from 'float' to 'int', possible loss of data
D:\C++\PBL2\Libraries\Edit\FlyEdit.h(235,13): warning C4244: 'initializing': conversion from 'float' to 'int', possible loss of data
D:\C++\PBL2\Libraries\Edit\FlyEdit.h(238,13): warning C4244: '=': conversion from 'int' to 'float', possible loss of data
D:\C++\PBL2\Libraries\Edit\FlyEdit.h(239,13): warning C4244: '=': conversion from 'int' to 'float', possible loss of data
D:\C++\PBL2\Libraries\Edit\FileOut.h(20,22): warning C4244: 'argument': conversion from 'time_t' to 'unsigned int', possible loss of data
D:\C++\PBL2\Libraries\Edit\FileOut.h(25,13): warning C4477: 'fprintf' : format string '%d' requires an argument of type 'int', but variadic argument 1 has type 'unsigned __int64'
D:\C++\PBL2\Libraries\Edit\FileOut.h(25,13): message : consider using '%zd' in the format string
D:\C++\PBL2\Libraries\GamePlay\Init\Listmap.cpp(94,9): warning C4101: 'path': unreferenced local variable
D:\C++\PBL2\Libraries\GamePlay\Init\Listmap.cpp(185,33): warning C4244: 'argument': conversion from 'float' to 'int', possible loss of data
D:\C++\PBL2\Libraries\GamePlay\Init\Listmap.cpp(190,33): warning C4244: 'argument': conversion from 'float' to 'int', possible loss of data
  MenuAndBackground.cpp
D:\C++\PBL2\Libraries\GamePlay\Animation\FramesObject.h(39,15): warning C4244: '=': conversion from 'int' to 'float', possible loss of data
D:\C++\PBL2\Libraries\GamePlay\Animation\FramesObject.h(40,15): warning C4244: '=': conversion from 'int' to 'float', possible loss of data
D:\C++\PBL2\Libraries\GamePlay\Object\Fly.h(81,24): warning C4244: '=': conversion from 'float' to 'int', possible loss of data
D:\C++\PBL2\Libraries\GamePlay\Object\Fly.h(82,21): warning C4244: '=': conversion from 'float' to 'int', possible loss of data
D:\C++\PBL2\Libraries\GamePlay\Object\Fly.h(115,20): warning C4244: '=': conversion from 'double' to 'float', possible loss of data
D:\C++\PBL2\Libraries\GamePlay\Object\Fly.h(121,21): warning C4244: '=': conversion from 'double' to 'float', possible loss of data
D:\C++\PBL2\Libraries\GamePlay\Object\Racket.h(30,40): warning C4244: 'argument': conversion from 'float' to 'int', possible loss of data
D:\C++\PBL2\Libraries\GamePlay\Object\Racket.h(30,32): warning C4244: 'argument': conversion from 'float' to 'int', possible loss of data
D:\C++\PBL2\Libraries\GamePlay\Object\Racket.h(63,40): warning C4244: 'argument': conversion from 'float' to 'int', possible loss of data
D:\C++\PBL2\Libraries\GamePlay\Object\Racket.h(63,32): warning C4244: 'argument': conversion from 'float' to 'int', possible loss of data
D:\C++\PBL2\Libraries\GamePlay\Load\LoadMusic.h(41,23): warning C4244: 'argument': conversion from 'float' to 'int', possible loss of data
D:\C++\PBL2\Libraries\GamePlay\Load\LoadDocument.h(35,20): warning C4244: '=': conversion from 'int' to 'float', possible loss of data
D:\C++\PBL2\Libraries\GamePlay\Load\LoadDocument.h(36,21): warning C4244: '=': conversion from 'int' to 'float', possible loss of data
D:\C++\PBL2\Libraries\GamePlay\Object\ObjectText.h(20,12): warning C4244: '=': conversion from 'int' to 'float', possible loss of data
D:\C++\PBL2\Libraries\GamePlay\Object\ObjectText.h(21,12): warning C4244: '=': conversion from 'int' to 'float', possible loss of data
D:\C++\PBL2\Libraries\GamePlay\Object\ObjectText.h(22,12): warning C4244: '=': conversion from 'int' to 'float', possible loss of data
D:\C++\PBL2\Libraries\GamePlay\Object\ObjectText.h(23,12): warning C4244: '=': conversion from 'int' to 'float', possible loss of data
D:\C++\PBL2\Libraries\GamePlay\Object\ObjectText.h(34,12): warning C4244: '=': conversion from 'int' to 'float', possible loss of data
D:\C++\PBL2\Libraries\GamePlay\Object\ObjectText.h(35,12): warning C4244: '=': conversion from 'int' to 'float', possible loss of data
D:\C++\PBL2\Libraries\GamePlay\Object\ObjectText.h(36,12): warning C4244: '=': conversion from 'int' to 'float', possible loss of data
D:\C++\PBL2\Libraries\GamePlay\Object\ObjectText.h(37,12): warning C4244: '=': conversion from 'int' to 'float', possible loss of data
D:\C++\PBL2\Libraries\Edit\Content.h(24,12): warning C4244: '=': conversion from 'int' to 'float', possible loss of data
D:\C++\PBL2\Libraries\Edit\Content.h(25,12): warning C4244: '=': conversion from 'int' to 'float', possible loss of data
D:\C++\PBL2\Libraries\Edit\Content.h(26,12): warning C4244: '=': conversion from 'int' to 'float', possible loss of data
D:\C++\PBL2\Libraries\Edit\Content.h(27,12): warning C4244: '=': conversion from 'int' to 'float', possible loss of data
D:\C++\PBL2\Libraries\Edit\Content.h(39,12): warning C4244: '=': conversion from 'int' to 'float', possible loss of data
D:\C++\PBL2\Libraries\Edit\Content.h(40,12): warning C4244: '=': conversion from 'int' to 'float', possible loss of data
D:\C++\PBL2\Libraries\Edit\Content.h(41,12): warning C4244: '=': conversion from 'int' to 'float', possible loss of data
D:\C++\PBL2\Libraries\Edit\Content.h(42,12): warning C4244: '=': conversion from 'int' to 'float', possible loss of data
D:\C++\PBL2\Libraries\Edit\Content.h(52,35): warning C4244: '=': conversion from 'float' to 'int', possible loss of data
D:\C++\PBL2\Libraries\Edit\Content.h(53,15): warning C4244: '=': conversion from 'float' to 'int', possible loss of data
D:\C++\PBL2\Libraries\Edit\FlyEdit.h(74,9): warning C4244: 'initializing': conversion from 'float' to 'int', possible loss of data
D:\C++\PBL2\Libraries\Edit\FlyEdit.h(75,9): warning C4244: 'initializing': conversion from 'float' to 'int', possible loss of data
D:\C++\PBL2\Libraries\Edit\FlyEdit.h(76,11): warning C4244: 'initializing': conversion from 'double' to 'float', possible loss of data
D:\C++\PBL2\Libraries\Edit\FlyEdit.h(92,24): warning C4244: '=': conversion from 'float' to 'int', possible loss of data
D:\C++\PBL2\Libraries\Edit\FlyEdit.h(93,21): warning C4244: '=': conversion from 'float' to 'int', possible loss of data
D:\C++\PBL2\Libraries\Edit\FlyEdit.h(107,17): warning C4244: '=': conversion from 'int' to 'float', possible loss of data
D:\C++\PBL2\Libraries\Edit\FlyEdit.h(113,9): warning C4244: 'initializing': conversion from 'float' to 'int', possible loss of data
D:\C++\PBL2\Libraries\Edit\FlyEdit.h(114,9): warning C4244: 'initializing': conversion from 'float' to 'int', possible loss of data
D:\C++\PBL2\Libraries\Edit\FlyEdit.h(115,11): warning C4244: 'initializing': conversion from 'double' to 'float', possible loss of data
D:\C++\PBL2\Libraries\Edit\FlyEdit.h(128,24): warning C4244: '=': conversion from 'float' to 'int', possible loss of data
D:\C++\PBL2\Libraries\Edit\FlyEdit.h(129,21): warning C4244: '=': conversion from 'float' to 'int', possible loss of data
D:\C++\PBL2\Libraries\Edit\FlyEdit.h(205,13): warning C4244: 'initializing': conversion from 'float' to 'int', possible loss of data
D:\C++\PBL2\Libraries\Edit\FlyEdit.h(206,13): warning C4244: 'initializing': conversion from 'float' to 'int', possible loss of data
D:\C++\PBL2\Libraries\Edit\FlyEdit.h(209,15): warning C4244: '=': conversion from 'int' to 'float', possible loss of data
D:\C++\PBL2\Libraries\Edit\FlyEdit.h(210,15): warning C4244: '=': conversion from 'int' to 'float', possible loss of data
D:\C++\PBL2\Libraries\Edit\FlyEdit.h(234,13): warning C4244: 'initializing': conversion from 'float' to 'int', possible loss of data
D:\C++\PBL2\Libraries\Edit\FlyEdit.h(235,13): warning C4244: 'initializing': conversion from 'float' to 'int', possible loss of data
D:\C++\PBL2\Libraries\Edit\FlyEdit.h(238,13): warning C4244: '=': conversion from 'int' to 'float', possible loss of data
D:\C++\PBL2\Libraries\Edit\FlyEdit.h(239,13): warning C4244: '=': conversion from 'int' to 'float', possible loss of data
D:\C++\PBL2\Libraries\Edit\FileOut.h(20,22): warning C4244: 'argument': conversion from 'time_t' to 'unsigned int', possible loss of data
D:\C++\PBL2\Libraries\Edit\FileOut.h(25,13): warning C4477: 'fprintf' : format string '%d' requires an argument of type 'int', but variadic argument 1 has type 'unsigned __int64'
D:\C++\PBL2\Libraries\Edit\FileOut.h(25,13): message : consider using '%zd' in the format string
D:\C++\PBL2\Libraries\GamePlay\Init\MenuAndBackground.cpp(136,45): warning C4244: '=': conversion from 'float' to 'int', possible loss of data
D:\C++\PBL2\Libraries\GamePlay\Init\MenuAndBackground.cpp(180,34): warning C4244: 'argument': conversion from 'int' to 'float', possible loss of data
  ToolEdit.cpp
D:\C++\PBL2\Libraries\GamePlay\Animation\FramesObject.h(39,15): warning C4244: '=': conversion from 'int' to 'float', possible loss of data
D:\C++\PBL2\Libraries\GamePlay\Animation\FramesObject.h(40,15): warning C4244: '=': conversion from 'int' to 'float', possible loss of data
D:\C++\PBL2\Libraries\GamePlay\Object\Fly.h(81,24): warning C4244: '=': conversion from 'float' to 'int', possible loss of data
D:\C++\PBL2\Libraries\GamePlay\Object\Fly.h(82,21): warning C4244: '=': conversion from 'float' to 'int', possible loss of data
D:\C++\PBL2\Libraries\GamePlay\Object\Fly.h(115,20): warning C4244: '=': conversion from 'double' to 'float', possible loss of data
D:\C++\PBL2\Libraries\GamePlay\Object\Fly.h(121,21): warning C4244: '=': conversion from 'double' to 'float', possible loss of data
D:\C++\PBL2\Libraries\GamePlay\Object\Racket.h(30,40): warning C4244: 'argument': conversion from 'float' to 'int', possible loss of data
D:\C++\PBL2\Libraries\GamePlay\Object\Racket.h(30,32): warning C4244: 'argument': conversion from 'float' to 'int', possible loss of data
D:\C++\PBL2\Libraries\GamePlay\Object\Racket.h(63,40): warning C4244: 'argument': conversion from 'float' to 'int', possible loss of data
D:\C++\PBL2\Libraries\GamePlay\Object\Racket.h(63,32): warning C4244: 'argument': conversion from 'float' to 'int', possible loss of data
D:\C++\PBL2\Libraries\GamePlay\Load\LoadDocument.h(35,20): warning C4244: '=': conversion from 'int' to 'float', possible loss of data
D:\C++\PBL2\Libraries\GamePlay\Load\LoadDocument.h(36,21): warning C4244: '=': conversion from 'int' to 'float', possible loss of data
D:\C++\PBL2\Libraries\GamePlay\Load\LoadMusic.h(41,23): warning C4244: 'argument': conversion from 'float' to 'int', possible loss of data
D:\C++\PBL2\Libraries\GamePlay\Object\ObjectText.h(20,12): warning C4244: '=': conversion from 'int' to 'float', possible loss of data
D:\C++\PBL2\Libraries\GamePlay\Object\ObjectText.h(21,12): warning C4244: '=': conversion from 'int' to 'float', possible loss of data
D:\C++\PBL2\Libraries\GamePlay\Object\ObjectText.h(22,12): warning C4244: '=': conversion from 'int' to 'float', possible loss of data
D:\C++\PBL2\Libraries\GamePlay\Object\ObjectText.h(23,12): warning C4244: '=': conversion from 'int' to 'float', possible loss of data
D:\C++\PBL2\Libraries\GamePlay\Object\ObjectText.h(34,12): warning C4244: '=': conversion from 'int' to 'float', possible loss of data
D:\C++\PBL2\Libraries\GamePlay\Object\ObjectText.h(35,12): warning C4244: '=': conversion from 'int' to 'float', possible loss of data
D:\C++\PBL2\Libraries\GamePlay\Object\ObjectText.h(36,12): warning C4244: '=': conversion from 'int' to 'float', possible loss of data
D:\C++\PBL2\Libraries\GamePlay\Object\ObjectText.h(37,12): warning C4244: '=': conversion from 'int' to 'float', possible loss of data
D:\C++\PBL2\Libraries\Edit\Content.h(24,12): warning C4244: '=': conversion from 'int' to 'float', possible loss of data
D:\C++\PBL2\Libraries\Edit\Content.h(25,12): warning C4244: '=': conversion from 'int' to 'float', possible loss of data
D:\C++\PBL2\Libraries\Edit\Content.h(26,12): warning C4244: '=': conversion from 'int' to 'float', possible loss of data
D:\C++\PBL2\Libraries\Edit\Content.h(27,12): warning C4244: '=': conversion from 'int' to 'float', possible loss of data
D:\C++\PBL2\Libraries\Edit\Content.h(39,12): warning C4244: '=': conversion from 'int' to 'float', possible loss of data
D:\C++\PBL2\Libraries\Edit\Content.h(40,12): warning C4244: '=': conversion from 'int' to 'float', possible loss of data
D:\C++\PBL2\Libraries\Edit\Content.h(41,12): warning C4244: '=': conversion from 'int' to 'float', possible loss of data
D:\C++\PBL2\Libraries\Edit\Content.h(42,12): warning C4244: '=': conversion from 'int' to 'float', possible loss of data
D:\C++\PBL2\Libraries\Edit\Content.h(52,35): warning C4244: '=': conversion from 'float' to 'int', possible loss of data
D:\C++\PBL2\Libraries\Edit\Content.h(53,15): warning C4244: '=': conversion from 'float' to 'int', possible loss of data
D:\C++\PBL2\Libraries\Edit\FlyEdit.h(74,9): warning C4244: 'initializing': conversion from 'float' to 'int', possible loss of data
D:\C++\PBL2\Libraries\Edit\FlyEdit.h(75,9): warning C4244: 'initializing': conversion from 'float' to 'int', possible loss of data
D:\C++\PBL2\Libraries\Edit\FlyEdit.h(76,11): warning C4244: 'initializing': conversion from 'double' to 'float', possible loss of data
D:\C++\PBL2\Libraries\Edit\FlyEdit.h(92,24): warning C4244: '=': conversion from 'float' to 'int', possible loss of data
D:\C++\PBL2\Libraries\Edit\FlyEdit.h(93,21): warning C4244: '=': conversion from 'float' to 'int', possible loss of data
D:\C++\PBL2\Libraries\Edit\FlyEdit.h(107,17): warning C4244: '=': conversion from 'int' to 'float', possible loss of data
D:\C++\PBL2\Libraries\Edit\FlyEdit.h(113,9): warning C4244: 'initializing': conversion from 'float' to 'int', possible loss of data
D:\C++\PBL2\Libraries\Edit\FlyEdit.h(114,9): warning C4244: 'initializing': conversion from 'float' to 'int', possible loss of data
D:\C++\PBL2\Libraries\Edit\FlyEdit.h(115,11): warning C4244: 'initializing': conversion from 'double' to 'float', possible loss of data
D:\C++\PBL2\Libraries\Edit\FlyEdit.h(128,24): warning C4244: '=': conversion from 'float' to 'int', possible loss of data
D:\C++\PBL2\Libraries\Edit\FlyEdit.h(129,21): warning C4244: '=': conversion from 'float' to 'int', possible loss of data
D:\C++\PBL2\Libraries\Edit\FlyEdit.h(205,13): warning C4244: 'initializing': conversion from 'float' to 'int', possible loss of data
D:\C++\PBL2\Libraries\Edit\FlyEdit.h(206,13): warning C4244: 'initializing': conversion from 'float' to 'int', possible loss of data
D:\C++\PBL2\Libraries\Edit\FlyEdit.h(209,15): warning C4244: '=': conversion from 'int' to 'float', possible loss of data
D:\C++\PBL2\Libraries\Edit\FlyEdit.h(210,15): warning C4244: '=': conversion from 'int' to 'float', possible loss of data
D:\C++\PBL2\Libraries\Edit\FlyEdit.h(234,13): warning C4244: 'initializing': conversion from 'float' to 'int', possible loss of data
D:\C++\PBL2\Libraries\Edit\FlyEdit.h(235,13): warning C4244: 'initializing': conversion from 'float' to 'int', possible loss of data
D:\C++\PBL2\Libraries\Edit\FlyEdit.h(238,13): warning C4244: '=': conversion from 'int' to 'float', possible loss of data
D:\C++\PBL2\Libraries\Edit\FlyEdit.h(239,13): warning C4244: '=': conversion from 'int' to 'float', possible loss of data
D:\C++\PBL2\Libraries\Edit\FileOut.h(20,22): warning C4244: 'argument': conversion from 'time_t' to 'unsigned int', possible loss of data
D:\C++\PBL2\Libraries\Edit\FileOut.h(25,13): warning C4477: 'fprintf' : format string '%d' requires an argument of type 'int', but variadic argument 1 has type 'unsigned __int64'
D:\C++\PBL2\Libraries\Edit\FileOut.h(25,13): message : consider using '%zd' in the format string
  Window.cpp
D:\C++\PBL2\Libraries\GamePlay\Animation\FramesObject.h(39,15): warning C4244: '=': conversion from 'int' to 'float', possible loss of data
D:\C++\PBL2\Libraries\GamePlay\Animation\FramesObject.h(40,15): warning C4244: '=': conversion from 'int' to 'float', possible loss of data
D:\C++\PBL2\Libraries\GamePlay\Object\Fly.h(81,24): warning C4244: '=': conversion from 'float' to 'int', possible loss of data
D:\C++\PBL2\Libraries\GamePlay\Object\Fly.h(82,21): warning C4244: '=': conversion from 'float' to 'int', possible loss of data
D:\C++\PBL2\Libraries\GamePlay\Object\Fly.h(115,20): warning C4244: '=': conversion from 'double' to 'float', possible loss of data
D:\C++\PBL2\Libraries\GamePlay\Object\Fly.h(121,21): warning C4244: '=': conversion from 'double' to 'float', possible loss of data
D:\C++\PBL2\Libraries\GamePlay\Object\Racket.h(30,40): warning C4244: 'argument': conversion from 'float' to 'int', possible loss of data
D:\C++\PBL2\Libraries\GamePlay\Object\Racket.h(30,32): warning C4244: 'argument': conversion from 'float' to 'int', possible loss of data
D:\C++\PBL2\Libraries\GamePlay\Object\Racket.h(63,40): warning C4244: 'argument': conversion from 'float' to 'int', possible loss of data
D:\C++\PBL2\Libraries\GamePlay\Object\Racket.h(63,32): warning C4244: 'argument': conversion from 'float' to 'int', possible loss of data
D:\C++\PBL2\Libraries\GamePlay\Load\LoadDocument.h(35,20): warning C4244: '=': conversion from 'int' to 'float', possible loss of data
D:\C++\PBL2\Libraries\GamePlay\Load\LoadDocument.h(36,21): warning C4244: '=': conversion from 'int' to 'float', possible loss of data
D:\C++\PBL2\Libraries\GamePlay\Load\LoadMusic.h(41,23): warning C4244: 'argument': conversion from 'float' to 'int', possible loss of data
D:\C++\PBL2\Libraries\GamePlay\Object\ObjectText.h(20,12): warning C4244: '=': conversion from 'int' to 'float', possible loss of data
D:\C++\PBL2\Libraries\GamePlay\Object\ObjectText.h(21,12): warning C4244: '=': conversion from 'int' to 'float', possible loss of data
D:\C++\PBL2\Libraries\GamePlay\Object\ObjectText.h(22,12): warning C4244: '=': conversion from 'int' to 'float', possible loss of data
D:\C++\PBL2\Libraries\GamePlay\Object\ObjectText.h(23,12): warning C4244: '=': conversion from 'int' to 'float', possible loss of data
D:\C++\PBL2\Libraries\GamePlay\Object\ObjectText.h(34,12): warning C4244: '=': conversion from 'int' to 'float', possible loss of data
D:\C++\PBL2\Libraries\GamePlay\Object\ObjectText.h(35,12): warning C4244: '=': conversion from 'int' to 'float', possible loss of data
D:\C++\PBL2\Libraries\GamePlay\Object\ObjectText.h(36,12): warning C4244: '=': conversion from 'int' to 'float', possible loss of data
D:\C++\PBL2\Libraries\GamePlay\Object\ObjectText.h(37,12): warning C4244: '=': conversion from 'int' to 'float', possible loss of data
D:\C++\PBL2\Libraries\Edit\Content.h(24,12): warning C4244: '=': conversion from 'int' to 'float', possible loss of data
D:\C++\PBL2\Libraries\Edit\Content.h(25,12): warning C4244: '=': conversion from 'int' to 'float', possible loss of data
D:\C++\PBL2\Libraries\Edit\Content.h(26,12): warning C4244: '=': conversion from 'int' to 'float', possible loss of data
D:\C++\PBL2\Libraries\Edit\Content.h(27,12): warning C4244: '=': conversion from 'int' to 'float', possible loss of data
D:\C++\PBL2\Libraries\Edit\Content.h(39,12): warning C4244: '=': conversion from 'int' to 'float', possible loss of data
D:\C++\PBL2\Libraries\Edit\Content.h(40,12): warning C4244: '=': conversion from 'int' to 'float', possible loss of data
D:\C++\PBL2\Libraries\Edit\Content.h(41,12): warning C4244: '=': conversion from 'int' to 'float', possible loss of data
D:\C++\PBL2\Libraries\Edit\Content.h(42,12): warning C4244: '=': conversion from 'int' to 'float', possible loss of data
D:\C++\PBL2\Libraries\Edit\Content.h(52,35): warning C4244: '=': conversion from 'float' to 'int', possible loss of data
D:\C++\PBL2\Libraries\Edit\Content.h(53,15): warning C4244: '=': conversion from 'float' to 'int', possible loss of data
D:\C++\PBL2\Libraries\Edit\FlyEdit.h(74,9): warning C4244: 'initializing': conversion from 'float' to 'int', possible loss of data
D:\C++\PBL2\Libraries\Edit\FlyEdit.h(75,9): warning C4244: 'initializing': conversion from 'float' to 'int', possible loss of data
D:\C++\PBL2\Libraries\Edit\FlyEdit.h(76,11): warning C4244: 'initializing': conversion from 'double' to 'float', possible loss of data
D:\C++\PBL2\Libraries\Edit\FlyEdit.h(92,24): warning C4244: '=': conversion from 'float' to 'int', possible loss of data
D:\C++\PBL2\Libraries\Edit\FlyEdit.h(93,21): warning C4244: '=': conversion from 'float' to 'int', possible loss of data
D:\C++\PBL2\Libraries\Edit\FlyEdit.h(107,17): warning C4244: '=': conversion from 'int' to 'float', possible loss of data
D:\C++\PBL2\Libraries\Edit\FlyEdit.h(113,9): warning C4244: 'initializing': conversion from 'float' to 'int', possible loss of data
D:\C++\PBL2\Libraries\Edit\FlyEdit.h(114,9): warning C4244: 'initializing': conversion from 'float' to 'int', possible loss of data
D:\C++\PBL2\Libraries\Edit\FlyEdit.h(115,11): warning C4244: 'initializing': conversion from 'double' to 'float', possible loss of data
D:\C++\PBL2\Libraries\Edit\FlyEdit.h(128,24): warning C4244: '=': conversion from 'float' to 'int', possible loss of data
D:\C++\PBL2\Libraries\Edit\FlyEdit.h(129,21): warning C4244: '=': conversion from 'float' to 'int', possible loss of data
D:\C++\PBL2\Libraries\Edit\FlyEdit.h(205,13): warning C4244: 'initializing': conversion from 'float' to 'int', possible loss of data
D:\C++\PBL2\Libraries\Edit\FlyEdit.h(206,13): warning C4244: 'initializing': conversion from 'float' to 'int', possible loss of data
D:\C++\PBL2\Libraries\Edit\FlyEdit.h(209,15): warning C4244: '=': conversion from 'int' to 'float', possible loss of data
D:\C++\PBL2\Libraries\Edit\FlyEdit.h(210,15): warning C4244: '=': conversion from 'int' to 'float', possible loss of data
D:\C++\PBL2\Libraries\Edit\FlyEdit.h(234,13): warning C4244: 'initializing': conversion from 'float' to 'int', possible loss of data
D:\C++\PBL2\Libraries\Edit\FlyEdit.h(235,13): warning C4244: 'initializing': conversion from 'float' to 'int', possible loss of data
D:\C++\PBL2\Libraries\Edit\FlyEdit.h(238,13): warning C4244: '=': conversion from 'int' to 'float', possible loss of data
D:\C++\PBL2\Libraries\Edit\FlyEdit.h(239,13): warning C4244: '=': conversion from 'int' to 'float', possible loss of data
D:\C++\PBL2\Libraries\Edit\FileOut.h(20,22): warning C4244: 'argument': conversion from 'time_t' to 'unsigned int', possible loss of data
D:\C++\PBL2\Libraries\Edit\FileOut.h(25,13): warning C4477: 'fprintf' : format string '%d' requires an argument of type 'int', but variadic argument 1 has type 'unsigned __int64'
D:\C++\PBL2\Libraries\Edit\FileOut.h(25,13): message : consider using '%zd' in the format string
  ManagerObject.cpp
D:\C++\PBL2\Libraries\GamePlay\Animation\FramesObject.h(39,15): warning C4244: '=': conversion from 'int' to 'float', possible loss of data
D:\C++\PBL2\Libraries\GamePlay\Animation\FramesObject.h(40,15): warning C4244: '=': conversion from 'int' to 'float', possible loss of data
D:\C++\PBL2\Libraries\GamePlay\Object\Fly.h(81,24): warning C4244: '=': conversion from 'float' to 'int', possible loss of data
D:\C++\PBL2\Libraries\GamePlay\Object\Fly.h(82,21): warning C4244: '=': conversion from 'float' to 'int', possible loss of data
D:\C++\PBL2\Libraries\GamePlay\Object\Fly.h(115,20): warning C4244: '=': conversion from 'double' to 'float', possible loss of data
D:\C++\PBL2\Libraries\GamePlay\Object\Fly.h(121,21): warning C4244: '=': conversion from 'double' to 'float', possible loss of data
D:\C++\PBL2\Libraries\GamePlay\Object\Racket.h(30,40): warning C4244: 'argument': conversion from 'float' to 'int', possible loss of data
D:\C++\PBL2\Libraries\GamePlay\Object\Racket.h(30,32): warning C4244: 'argument': conversion from 'float' to 'int', possible loss of data
D:\C++\PBL2\Libraries\GamePlay\Object\Racket.h(63,40): warning C4244: 'argument': conversion from 'float' to 'int', possible loss of data
D:\C++\PBL2\Libraries\GamePlay\Object\Racket.h(63,32): warning C4244: 'argument': conversion from 'float' to 'int', possible loss of data
D:\C++\PBL2\Libraries\GamePlay\Load\LoadDocument.h(35,20): warning C4244: '=': conversion from 'int' to 'float', possible loss of data
D:\C++\PBL2\Libraries\GamePlay\Load\LoadDocument.h(36,21): warning C4244: '=': conversion from 'int' to 'float', possible loss of data
D:\C++\PBL2\Libraries\GamePlay\Load\LoadMusic.h(41,23): warning C4244: 'argument': conversion from 'float' to 'int', possible loss of data
D:\C++\PBL2\Libraries\GamePlay\Object\ObjectText.h(20,12): warning C4244: '=': conversion from 'int' to 'float', possible loss of data
D:\C++\PBL2\Libraries\GamePlay\Object\ObjectText.h(21,12): warning C4244: '=': conversion from 'int' to 'float', possible loss of data
D:\C++\PBL2\Libraries\GamePlay\Object\ObjectText.h(22,12): warning C4244: '=': conversion from 'int' to 'float', possible loss of data
D:\C++\PBL2\Libraries\GamePlay\Object\ObjectText.h(23,12): warning C4244: '=': conversion from 'int' to 'float', possible loss of data
D:\C++\PBL2\Libraries\GamePlay\Object\ObjectText.h(34,12): warning C4244: '=': conversion from 'int' to 'float', possible loss of data
D:\C++\PBL2\Libraries\GamePlay\Object\ObjectText.h(35,12): warning C4244: '=': conversion from 'int' to 'float', possible loss of data
D:\C++\PBL2\Libraries\GamePlay\Object\ObjectText.h(36,12): warning C4244: '=': conversion from 'int' to 'float', possible loss of data
D:\C++\PBL2\Libraries\GamePlay\Object\ObjectText.h(37,12): warning C4244: '=': conversion from 'int' to 'float', possible loss of data
D:\C++\PBL2\Libraries\Edit\Content.h(24,12): warning C4244: '=': conversion from 'int' to 'float', possible loss of data
D:\C++\PBL2\Libraries\Edit\Content.h(25,12): warning C4244: '=': conversion from 'int' to 'float', possible loss of data
D:\C++\PBL2\Libraries\Edit\Content.h(26,12): warning C4244: '=': conversion from 'int' to 'float', possible loss of data
D:\C++\PBL2\Libraries\Edit\Content.h(27,12): warning C4244: '=': conversion from 'int' to 'float', possible loss of data
D:\C++\PBL2\Libraries\Edit\Content.h(39,12): warning C4244: '=': conversion from 'int' to 'float', possible loss of data
D:\C++\PBL2\Libraries\Edit\Content.h(40,12): warning C4244: '=': conversion from 'int' to 'float', possible loss of data
D:\C++\PBL2\Libraries\Edit\Content.h(41,12): warning C4244: '=': conversion from 'int' to 'float', possible loss of data
D:\C++\PBL2\Libraries\Edit\Content.h(42,12): warning C4244: '=': conversion from 'int' to 'float', possible loss of data
D:\C++\PBL2\Libraries\Edit\Content.h(52,35): warning C4244: '=': conversion from 'float' to 'int', possible loss of data
D:\C++\PBL2\Libraries\Edit\Content.h(53,15): warning C4244: '=': conversion from 'float' to 'int', possible loss of data
D:\C++\PBL2\Libraries\Edit\FlyEdit.h(74,9): warning C4244: 'initializing': conversion from 'float' to 'int', possible loss of data
D:\C++\PBL2\Libraries\Edit\FlyEdit.h(75,9): warning C4244: 'initializing': conversion from 'float' to 'int', possible loss of data
D:\C++\PBL2\Libraries\Edit\FlyEdit.h(76,11): warning C4244: 'initializing': conversion from 'double' to 'float', possible loss of data
D:\C++\PBL2\Libraries\Edit\FlyEdit.h(92,24): warning C4244: '=': conversion from 'float' to 'int', possible loss of data
D:\C++\PBL2\Libraries\Edit\FlyEdit.h(93,21): warning C4244: '=': conversion from 'float' to 'int', possible loss of data
D:\C++\PBL2\Libraries\Edit\FlyEdit.h(107,17): warning C4244: '=': conversion from 'int' to 'float', possible loss of data
D:\C++\PBL2\Libraries\Edit\FlyEdit.h(113,9): warning C4244: 'initializing': conversion from 'float' to 'int', possible loss of data
D:\C++\PBL2\Libraries\Edit\FlyEdit.h(114,9): warning C4244: 'initializing': conversion from 'float' to 'int', possible loss of data
D:\C++\PBL2\Libraries\Edit\FlyEdit.h(115,11): warning C4244: 'initializing': conversion from 'double' to 'float', possible loss of data
D:\C++\PBL2\Libraries\Edit\FlyEdit.h(128,24): warning C4244: '=': conversion from 'float' to 'int', possible loss of data
D:\C++\PBL2\Libraries\Edit\FlyEdit.h(129,21): warning C4244: '=': conversion from 'float' to 'int', possible loss of data
D:\C++\PBL2\Libraries\Edit\FlyEdit.h(205,13): warning C4244: 'initializing': conversion from 'float' to 'int', possible loss of data
D:\C++\PBL2\Libraries\Edit\FlyEdit.h(206,13): warning C4244: 'initializing': conversion from 'float' to 'int', possible loss of data
D:\C++\PBL2\Libraries\Edit\FlyEdit.h(209,15): warning C4244: '=': conversion from 'int' to 'float', possible loss of data
D:\C++\PBL2\Libraries\Edit\FlyEdit.h(210,15): warning C4244: '=': conversion from 'int' to 'float', possible loss of data
D:\C++\PBL2\Libraries\Edit\FlyEdit.h(234,13): warning C4244: 'initializing': conversion from 'float' to 'int', possible loss of data
D:\C++\PBL2\Libraries\Edit\FlyEdit.h(235,13): warning C4244: 'initializing': conversion from 'float' to 'int', possible loss of data
D:\C++\PBL2\Libraries\Edit\FlyEdit.h(238,13): warning C4244: '=': conversion from 'int' to 'float', possible loss of data
D:\C++\PBL2\Libraries\Edit\FlyEdit.h(239,13): warning C4244: '=': conversion from 'int' to 'float', possible loss of data
D:\C++\PBL2\Libraries\Edit\FileOut.h(20,22): warning C4244: 'argument': conversion from 'time_t' to 'unsigned int', possible loss of data
D:\C++\PBL2\Libraries\Edit\FileOut.h(25,13): warning C4477: 'fprintf' : format string '%d' requires an argument of type 'int', but variadic argument 1 has type 'unsigned __int64'
D:\C++\PBL2\Libraries\Edit\FileOut.h(25,13): message : consider using '%zd' in the format string
  Main.cpp
D:\C++\PBL2\Libraries\GamePlay\Animation\FramesObject.h(39,15): warning C4244: '=': conversion from 'int' to 'float', possible loss of data
D:\C++\PBL2\Libraries\GamePlay\Animation\FramesObject.h(40,15): warning C4244: '=': conversion from 'int' to 'float', possible loss of data
D:\C++\PBL2\Libraries\GamePlay\Object\Fly.h(81,24): warning C4244: '=': conversion from 'float' to 'int', possible loss of data
D:\C++\PBL2\Libraries\GamePlay\Object\Fly.h(82,21): warning C4244: '=': conversion from 'float' to 'int', possible loss of data
D:\C++\PBL2\Libraries\GamePlay\Object\Fly.h(115,20): warning C4244: '=': conversion from 'double' to 'float', possible loss of data
D:\C++\PBL2\Libraries\GamePlay\Object\Fly.h(121,21): warning C4244: '=': conversion from 'double' to 'float', possible loss of data
D:\C++\PBL2\Libraries\GamePlay\Object\Racket.h(30,40): warning C4244: 'argument': conversion from 'float' to 'int', possible loss of data
D:\C++\PBL2\Libraries\GamePlay\Object\Racket.h(30,32): warning C4244: 'argument': conversion from 'float' to 'int', possible loss of data
D:\C++\PBL2\Libraries\GamePlay\Object\Racket.h(63,40): warning C4244: 'argument': conversion from 'float' to 'int', possible loss of data
D:\C++\PBL2\Libraries\GamePlay\Object\Racket.h(63,32): warning C4244: 'argument': conversion from 'float' to 'int', possible loss of data
D:\C++\PBL2\Libraries\GamePlay\Load\LoadDocument.h(35,20): warning C4244: '=': conversion from 'int' to 'float', possible loss of data
D:\C++\PBL2\Libraries\GamePlay\Load\LoadDocument.h(36,21): warning C4244: '=': conversion from 'int' to 'float', possible loss of data
D:\C++\PBL2\Libraries\GamePlay\Load\LoadMusic.h(41,23): warning C4244: 'argument': conversion from 'float' to 'int', possible loss of data
D:\C++\PBL2\Libraries\GamePlay\Object\ObjectText.h(20,12): warning C4244: '=': conversion from 'int' to 'float', possible loss of data
D:\C++\PBL2\Libraries\GamePlay\Object\ObjectText.h(21,12): warning C4244: '=': conversion from 'int' to 'float', possible loss of data
D:\C++\PBL2\Libraries\GamePlay\Object\ObjectText.h(22,12): warning C4244: '=': conversion from 'int' to 'float', possible loss of data
D:\C++\PBL2\Libraries\GamePlay\Object\ObjectText.h(23,12): warning C4244: '=': conversion from 'int' to 'float', possible loss of data
D:\C++\PBL2\Libraries\GamePlay\Object\ObjectText.h(34,12): warning C4244: '=': conversion from 'int' to 'float', possible loss of data
D:\C++\PBL2\Libraries\GamePlay\Object\ObjectText.h(35,12): warning C4244: '=': conversion from 'int' to 'float', possible loss of data
D:\C++\PBL2\Libraries\GamePlay\Object\ObjectText.h(36,12): warning C4244: '=': conversion from 'int' to 'float', possible loss of data
D:\C++\PBL2\Libraries\GamePlay\Object\ObjectText.h(37,12): warning C4244: '=': conversion from 'int' to 'float', possible loss of data
D:\C++\PBL2\Libraries\Edit\Content.h(24,12): warning C4244: '=': conversion from 'int' to 'float', possible loss of data
D:\C++\PBL2\Libraries\Edit\Content.h(25,12): warning C4244: '=': conversion from 'int' to 'float', possible loss of data
D:\C++\PBL2\Libraries\Edit\Content.h(26,12): warning C4244: '=': conversion from 'int' to 'float', possible loss of data
D:\C++\PBL2\Libraries\Edit\Content.h(27,12): warning C4244: '=': conversion from 'int' to 'float', possible loss of data
D:\C++\PBL2\Libraries\Edit\Content.h(39,12): warning C4244: '=': conversion from 'int' to 'float', possible loss of data
D:\C++\PBL2\Libraries\Edit\Content.h(40,12): warning C4244: '=': conversion from 'int' to 'float', possible loss of data
D:\C++\PBL2\Libraries\Edit\Content.h(41,12): warning C4244: '=': conversion from 'int' to 'float', possible loss of data
D:\C++\PBL2\Libraries\Edit\Content.h(42,12): warning C4244: '=': conversion from 'int' to 'float', possible loss of data
D:\C++\PBL2\Libraries\Edit\Content.h(52,35): warning C4244: '=': conversion from 'float' to 'int', possible loss of data
D:\C++\PBL2\Libraries\Edit\Content.h(53,15): warning C4244: '=': conversion from 'float' to 'int', possible loss of data
D:\C++\PBL2\Libraries\Edit\FlyEdit.h(74,9): warning C4244: 'initializing': conversion from 'float' to 'int', possible loss of data
D:\C++\PBL2\Libraries\Edit\FlyEdit.h(75,9): warning C4244: 'initializing': conversion from 'float' to 'int', possible loss of data
D:\C++\PBL2\Libraries\Edit\FlyEdit.h(76,11): warning C4244: 'initializing': conversion from 'double' to 'float', possible loss of data
D:\C++\PBL2\Libraries\Edit\FlyEdit.h(92,24): warning C4244: '=': conversion from 'float' to 'int', possible loss of data
D:\C++\PBL2\Libraries\Edit\FlyEdit.h(93,21): warning C4244: '=': conversion from 'float' to 'int', possible loss of data
D:\C++\PBL2\Libraries\Edit\FlyEdit.h(107,17): warning C4244: '=': conversion from 'int' to 'float', possible loss of data
D:\C++\PBL2\Libraries\Edit\FlyEdit.h(113,9): warning C4244: 'initializing': conversion from 'float' to 'int', possible loss of data
D:\C++\PBL2\Libraries\Edit\FlyEdit.h(114,9): warning C4244: 'initializing': conversion from 'float' to 'int', possible loss of data
D:\C++\PBL2\Libraries\Edit\FlyEdit.h(115,11): warning C4244: 'initializing': conversion from 'double' to 'float', possible loss of data
D:\C++\PBL2\Libraries\Edit\FlyEdit.h(128,24): warning C4244: '=': conversion from 'float' to 'int', possible loss of data
D:\C++\PBL2\Libraries\Edit\FlyEdit.h(129,21): warning C4244: '=': conversion from 'float' to 'int', possible loss of data
D:\C++\PBL2\Libraries\Edit\FlyEdit.h(205,13): warning C4244: 'initializing': conversion from 'float' to 'int', possible loss of data
D:\C++\PBL2\Libraries\Edit\FlyEdit.h(206,13): warning C4244: 'initializing': conversion from 'float' to 'int', possible loss of data
D:\C++\PBL2\Libraries\Edit\FlyEdit.h(209,15): warning C4244: '=': conversion from 'int' to 'float', possible loss of data
D:\C++\PBL2\Libraries\Edit\FlyEdit.h(210,15): warning C4244: '=': conversion from 'int' to 'float', possible loss of data
D:\C++\PBL2\Libraries\Edit\FlyEdit.h(234,13): warning C4244: 'initializing': conversion from 'float' to 'int', possible loss of data
D:\C++\PBL2\Libraries\Edit\FlyEdit.h(235,13): warning C4244: 'initializing': conversion from 'float' to 'int', possible loss of data
D:\C++\PBL2\Libraries\Edit\FlyEdit.h(238,13): warning C4244: '=': conversion from 'int' to 'float', possible loss of data
D:\C++\PBL2\Libraries\Edit\FlyEdit.h(239,13): warning C4244: '=': conversion from 'int' to 'float', possible loss of data
D:\C++\PBL2\Libraries\Edit\FileOut.h(20,22): warning C4244: 'argument': conversion from 'time_t' to 'unsigned int', possible loss of data
D:\C++\PBL2\Libraries\Edit\FileOut.h(25,13): warning C4477: 'fprintf' : format string '%d' requires an argument of type 'int', but variadic argument 1 has type 'unsigned __int64'
D:\C++\PBL2\Libraries\Edit\FileOut.h(25,13): message : consider using '%zd' in the format string
  Generating Code...
  PBL2.vcxproj -> D:\C++\PBL2\x64\Debug\PBL2.exe
